{"sessionId": "3f30cb", "runId": "pre-fix", "hypothesisId": "H1", "location": "ayasparser.py:parse_show", "message": "parse_show token kind", "data": {"token_type": "show", "is_disp": false, "line": 104}, "timestamp": 1781976812988}
{"sessionId": "3f30cb", "runId": "pre-fix", "hypothesisId": "H1", "location": "ayasparser.py:parse_show", "message": "parse_show token kind", "data": {"token_type": "show", "is_disp": false, "line": 125}, "timestamp": 1781976812988}
{"sessionId": "3f30cb", "runId": "pre-fix", "hypothesisId": "H1", "location": "ayasparser.py:parse_show", "message": "parse_show token kind", "data": {"token_type": "show", "is_disp": false, "line": 132}, "timestamp": 1781976812989}
{"sessionId": "3f30cb", "runId": "pre-fix", "hypothesisId": "H1", "location": "ayasparser.py:parse_show", "message": "parse_show token kind", "data": {"token_type": "show", "is_disp": false, "line": 135}, "timestamp": 1781976812989}
{"sessionId": "3f30cb", "runId": "pre-fix", "hypothesisId": "H1", "location": "ayasparser.py:parse_show", "message": "parse_show token kind", "data": {"token_type": "show", "is_disp": false, "line": 142}, "timestamp": 1781976812990}
{"sessionId": "3f30cb", "runId": "pre-fix", "hypothesisId": "H1", "location": "ayasparser.py:parse_show", "message": "parse_show token kind", "data": {"token_type": "show", "is_disp": false, "line": 145}, "timestamp": 1781976812990}
{"sessionId": "3f30cb", "runId": "pre-fix", "hypothesisId": "H1", "location": "ayasparser.py:parse_show", "message": "parse_show token kind", "data": {"token_type": "show", "is_disp": false, "line": 167}, "timestamp": 1781976812991}
{"sessionId": "3f30cb", "runId": "pre-fix", "hypothesisId": "H1", "location": "ayasparser.py:parse_show", "message": "parse_show token kind", "data": {"token_type": "show", "is_disp": false, "line": 191}, "timestamp": 1781976812992}
{"sessionId": "3f30cb", "runId": "pre-fix", "hypothesisId": "H1", "location": "ayasparser.py:parse_show", "message": "parse_show token kind", "data": {"token_type": "show", "is_disp": false, "line": 193}, "timestamp": 1781976812992}
{"sessionId": "3f30cb", "runId": "pre-fix", "hypothesisId": "H1", "location": "ayasparser.py:parse_show", "message": "parse_show token kind", "data": {"token_type": "show", "is_disp": false, "line": 213}, "timestamp": 1781976812992}
{"sessionId": "3f30cb", "runId": "pre-fix", "hypothesisId": "H1", "location": "ayasparser.py:parse_show", "message": "parse_show token kind", "data": {"token_type": "show", "is_disp": false, "line": 215}, "timestamp": 1781976812994}
{"sessionId": "3f30cb", "runId": "pre-fix", "hypothesisId": "H1", "location": "ayasparser.py:parse_show", "message": "parse_show token kind", "data": {"token_type": "show", "is_disp": false, "line": 217}, "timestamp": 1781976812994}
{"sessionId": "3f30cb", "runId": "pre-fix", "hypothesisId": "H1", "location": "ayasparser.py:parse_show", "message": "parse_show token kind", "data": {"token_type": "show", "is_disp": false, "line": 219}, "timestamp": 1781976812995}
{"sessionId": "3f30cb", "runId": "pre-fix", "hypothesisId": "H1", "location": "ayasparser.py:parse_show", "message": "parse_show token kind", "data": {"token_type": "show", "is_disp": false, "line": 221}, "timestamp": 1781976812995}
{"sessionId": "3f30cb", "runId": "pre-fix", "hypothesisId": "H1", "location": "ayasparser.py:parse_show", "message": "parse_show token kind", "data": {"token_type": "show", "is_disp": false, "line": 223}, "timestamp": 1781976812996}
{"sessionId": "3f30cb", "runId": "pre-fix", "hypothesisId": "H1", "location": "ayasparser.py:parse_show", "message": "parse_show token kind", "data": {"token_type": "show", "is_disp": false, "line": 225}, "timestamp": 1781976812996}
{"sessionId": "3f30cb", "runId": "pre-fix", "hypothesisId": "H1", "location": "ayasparser.py:parse_show", "message": "parse_show token kind", "data": {"token_type": "show", "is_disp": false, "line": 227}, "timestamp": 1781976812996}
{"sessionId": "3f30cb", "runId": "pre-fix", "hypothesisId": "H1", "location": "ayasparser.py:parse_show", "message": "parse_show token kind", "data": {"token_type": "show", "is_disp": false, "line": 229}, "timestamp": 1781976812997}
{"sessionId": "3f30cb", "runId": "pre-fix", "hypothesisId": "H1", "location": "ayasparser.py:parse_show", "message": "parse_show token kind", "data": {"token_type": "show", "is_disp": false, "line": 231}, "timestamp": 1781976812997}
{"sessionId": "3f30cb", "runId": "pre-fix", "hypothesisId": "H1", "location": "ayasparser.py:parse_show", "message": "parse_show token kind", "data": {"token_type": "show", "is_disp": false, "line": 233}, "timestamp": 1781976812997}
{"sessionId": "3f30cb", "runId": "pre-fix", "hypothesisId": "H1", "location": "ayasparser.py:parse_show", "message": "parse_show token kind", "data": {"token_type": "show", "is_disp": false, "line": 235}, "timestamp": 1781976812998}
{"sessionId": "3f30cb", "runId": "pre-fix", "hypothesisId": "H1", "location": "ayasparser.py:parse_show", "message": "parse_show token kind", "data": {"token_type": "show", "is_disp": false, "line": 237}, "timestamp": 1781976812998}
{"sessionId": "3f30cb", "runId": "pre-fix", "hypothesisId": "H1", "location": "ayasparser.py:parse_show", "message": "parse_show token kind", "data": {"token_type": "show", "is_disp": false, "line": 239}, "timestamp": 1781976812998}
{"sessionId": "3f30cb", "runId": "pre-fix", "hypothesisId": "H1", "location": "ayasparser.py:parse_show", "message": "parse_show token kind", "data": {"token_type": "show", "is_disp": false, "line": 241}, "timestamp": 1781976813000}
{"sessionId": "3f30cb", "runId": "pre-fix", "hypothesisId": "H1", "location": "ayasparser.py:parse_show", "message": "parse_show token kind", "data": {"token_type": "show", "is_disp": false, "line": 243}, "timestamp": 1781976813000}
{"sessionId": "3f30cb", "runId": "pre-fix", "hypothesisId": "H1", "location": "ayasparser.py:parse_show", "message": "parse_show token kind", "data": {"token_type": "show", "is_disp": false, "line": 245}, "timestamp": 1781976813000}
{"sessionId": "3f30cb", "runId": "pre-fix", "hypothesisId": "H1", "location": "ayasparser.py:parse_show", "message": "parse_show token kind", "data": {"token_type": "show", "is_disp": false, "line": 247}, "timestamp": 1781976813001}
{"sessionId": "3f30cb", "runId": "pre-fix", "hypothesisId": "H1", "location": "ayasparser.py:parse_show", "message": "parse_show token kind", "data": {"token_type": "show", "is_disp": false, "line": 249}, "timestamp": 1781976813001}
{"sessionId": "3f30cb", "runId": "pre-fix", "hypothesisId": "H1", "location": "ayasparser.py:parse_show", "message": "parse_show token kind", "data": {"token_type": "show", "is_disp": false, "line": 251}, "timestamp": 1781976813002}
{"sessionId": "3f30cb", "runId": "pre-fix", "hypothesisId": "H1", "location": "ayasparser.py:parse_show", "message": "parse_show token kind", "data": {"token_type": "show", "is_disp": false, "line": 253}, "timestamp": 1781976813002}
{"sessionId": "3f30cb", "runId": "pre-fix", "hypothesisId": "H1", "location": "ayasparser.py:parse_show", "message": "parse_show token kind", "data": {"token_type": "show", "is_disp": false, "line": 255}, "timestamp": 1781976813002}
{"sessionId": "3f30cb", "runId": "pre-fix", "hypothesisId": "H1", "location": "ayasparser.py:parse_show", "message": "parse_show token kind", "data": {"token_type": "show", "is_disp": false, "line": 257}, "timestamp": 1781976813003}
{"sessionId": "3f30cb", "runId": "pre-fix", "hypothesisId": "H1", "location": "ayasparser.py:parse_show", "message": "parse_show token kind", "data": {"token_type": "show", "is_disp": false, "line": 259}, "timestamp": 1781976813003}
{"sessionId": "3f30cb", "runId": "pre-fix", "hypothesisId": "H1", "location": "ayasparser.py:parse_show", "message": "parse_show token kind", "data": {"token_type": "show", "is_disp": false, "line": 264}, "timestamp": 1781976813003}
{"sessionId": "3f30cb", "runId": "pre-fix", "hypothesisId": "H1", "location": "ayasparser.py:parse_show", "message": "parse_show token kind", "data": {"token_type": "show", "is_disp": false, "line": 267}, "timestamp": 1781976813004}
{"sessionId": "3f30cb", "runId": "pre-fix", "hypothesisId": "H1", "location": "ayasparser.py:parse_show", "message": "parse_show token kind", "data": {"token_type": "show", "is_disp": false, "line": 270}, "timestamp": 1781976813004}
{"sessionId": "3f30cb", "runId": "pre-fix", "hypothesisId": "H1", "location": "ayasparser.py:parse_show", "message": "parse_show token kind", "data": {"token_type": "show", "is_disp": false, "line": 273}, "timestamp": 1781976813004}
{"sessionId": "3f30cb", "runId": "pre-fix", "hypothesisId": "H1", "location": "ayasparser.py:parse_show", "message": "parse_show token kind", "data": {"token_type": "show", "is_disp": false, "line": 276}, "timestamp": 1781976813005}
{"sessionId": "3f30cb", "runId": "pre-fix", "hypothesisId": "H1", "location": "ayasparser.py:parse_show", "message": "parse_show token kind", "data": {"token_type": "show", "is_disp": false, "line": 279}, "timestamp": 1781976813005}
{"sessionId": "3f30cb", "runId": "pre-fix", "hypothesisId": "H1", "location": "ayasparser.py:parse_show", "message": "parse_show token kind", "data": {"token_type": "show", "is_disp": false, "line": 282}, "timestamp": 1781976813006}
{"sessionId": "3f30cb", "runId": "pre-fix", "hypothesisId": "H1", "location": "ayasparser.py:parse_show", "message": "parse_show token kind", "data": {"token_type": "show", "is_disp": false, "line": 285}, "timestamp": 1781976813006}
{"sessionId": "3f30cb", "runId": "pre-fix", "hypothesisId": "H1", "location": "ayasparser.py:parse_show", "message": "parse_show token kind", "data": {"token_type": "show", "is_disp": false, "line": 288}, "timestamp": 1781976813006}
{"sessionId": "3f30cb", "runId": "pre-fix", "hypothesisId": "H1", "location": "ayasparser.py:parse_show", "message": "parse_show token kind", "data": {"token_type": "show", "is_disp": false, "line": 291}, "timestamp": 1781976813007}
{"sessionId": "3f30cb", "runId": "pre-fix", "hypothesisId": "H1", "location": "ayasparser.py:parse_show", "message": "parse_show token kind", "data": {"token_type": "show", "is_disp": false, "line": 294}, "timestamp": 1781976813007}
{"sessionId": "3f30cb", "runId": "pre-fix", "hypothesisId": "H1", "location": "ayasparser.py:parse_show", "message": "parse_show token kind", "data": {"token_type": "show", "is_disp": false, "line": 297}, "timestamp": 1781976813008}
{"sessionId": "3f30cb", "runId": "pre-fix", "hypothesisId": "H1", "location": "ayasparser.py:parse_show", "message": "parse_show token kind", "data": {"token_type": "show", "is_disp": false, "line": 305}, "timestamp": 1781976813008}
{"sessionId": "3f30cb", "runId": "pre-fix", "hypothesisId": "H1", "location": "compile.py:compile_ayas", "message": "parsed show/disp counts (top-level only)", "data": {"source": "ayaslexer.ayas", "disp_nodes": 0, "show_nodes": 1}, "timestamp": 1781976813008}
{"sessionId": "3f30cb", "runId": "pre-fix", "hypothesisId": "H4", "location": "compile.py:_debug_lexer_compare", "message": "testinput.ayas loaded", "data": {"bytes": 239, "preview": "'let x be 5\\nlet y be 3.14\\nlet name be \"hello\"\\n\\nfun add(a: number, b: number) {\\n  '", "token_count": 93}, "timestamp": 1781976813879}
{"sessionId": "3f30cb", "runId": "pre-fix", "hypothesisId": "H5", "location": "compile.py:_debug_lexer_compare", "message": "ayaslexer.exe run failed", "data": {"error": "[WinError 123] The filename, directory name, or volume label syntax is incorrect", "winerror": 123}, "timestamp": 1781976813879}
{"sessionId": "3f30cb", "runId": "pre-fix", "hypothesisId": "H1", "location": "compile.py:_debug_lexer_compare", "message": "output format comparison", "data": {"expected_lines": ["let let 1", "IDENTIFIER x 1", "be be 1", "NUMBER 5 1", "NEWLINE \\n 1", "let let 2", "IDENTIFIER y 2", "be be 2", "FLOAT 3.14 2", "NEWLINE \\n 2", "let let 3", "IDENTIFIER name 3", "be be 3", "STRING hello 3", "NEWLINE \\n 3", "NEWLINE \\n 4", "fun fun 5", "IDENTIFIER add 5", "( ( 5", "IDENTIFIER a 5", ": : 5", "IDENTIFIER number 5", ", , 5", "IDENTIFIER b 5", ": : 5", "IDENTIFIER number 5", ") ) 5", "{ { 5", "NEWLINE \\n 5", "give give 6", "back back 6", "[ [ 6", "IDENTIFIER a 6", "+ + 6", "IDENTIFIER b 6", "] ] 6", "NEWLINE \\n 6", "} } 7", "NEWLINE \\n 7", "NEWLINE \\n 8", "let let 9", "IDENTIFIER result 9", "be be 9", "IDENTIFIER add 9", "( ( 9", "IDENTIFIER x 9", ", , 9", "NUMBER 10 9", ") ) 9", "NEWLINE \\n 9", "NEWLINE \\n 10", "when when 11", "[ [ 11", "IDENTIFIER result 11", "> > 11", "NUMBER 4 11", "] ] 11", "{ { 11", "NEWLINE \\n 11", "show show 12", "IDENTIFIER result 12", "NEWLINE \\n 12", "} } 13", "otherwise otherwise 13", "{ { 13", "NEWLINE \\n 13", "show show 14", "NUMBER 0 14", "NEWLINE \\n 14", "} } 15", "NEWLINE \\n 15", "NEWLINE \\n 16", "repeat repeat 17", "IDENTIFIER i 17", "in in 17", "[ [ 17", "NUMBER 0 17", "to to 17", "NUMBER 10 17", "] ] 17", "{ { 17", "NEWLINE \\n 17", "let let 18", "IDENTIFIER z 18", "be be 18", "[ [ 18", "IDENTIFIER i 18", "* * 18", "NUMBER 2 18", "] ] 18", "NEWLINE \\n 18", "} } 19", "EOF 19"], "actual_split_lines": [], "expected_joined": "let let 1\nIDENTIFIER x 1\nbe be 1\nNUMBER 5 1\nNEWLINE \\n 1\nlet let 2\nIDENTIFIER y 2\nbe be 2\nFLOAT 3.14 2\nNEWLINE \\n 2\nlet let 3\nIDENTIFIER name 3\nbe be 3\nSTRING hello 3\nNEWLINE \\n 3\nNEWLINE \\n 4\nfun fun 5\nIDENTIFIER add 5\n( ( 5\nIDENTIFIER a 5\n: : 5\nIDENTIFIER number 5\n, , 5\nIDENTIFIER b 5\n: : 5\nIDENTIFIER number 5\n) ) 5\n{ { 5\nNEWLINE \\n 5\ngive give 6\nback back 6\n[ [ 6\nIDENTIFIER a 6\n+ + 6\nIDENTIFIER b 6\n] ] 6\nNEWLINE \\n 6\n} } 7\nNEWLINE \\n 7\nNEWLINE \\n 8\nlet let 9\nIDENTIFIER result 9\nbe be 9\nIDENTIFIER add 9\n( ( 9\nIDENTIFIER x 9\n, , 9\nNUMBER 10 9\n) ) 9\nNEWLINE \\n 9\nNEWLINE \\n 10\nwhen when 11\n[ [ 11\nIDENTIFIER result 11\n> > 11\nNUMBER 4 11\n] ] 11\n{ { 11\nNEWLINE \\n 11\nshow show 12\nIDENTIFIER result 12\nNEWLINE \\n 12\n} } 13\notherwise otherwise 13\n{ { 13\nNEWLINE \\n 13\nshow show 14\nNUMBER 0 14\nNEWLINE \\n 14\n} } 15\nNEWLINE \\n 15\nNEWLINE \\n 16\nrepeat repeat 17\nIDENTIFIER i 17\nin in 17\n[ [ 17\nNUMBER 0 17\nto to 17\nNUMBER 10 17\n] ] 17\n{ { 17\nNEWLINE \\n 17\nlet let 18\nIDENTIFIER z 18\nbe be 18\n[ [ 18\nIDENTIFIER i 18\n* * 18\nNUMBER 2 18\n] ] 18\nNEWLINE \\n 18\n} } 19\nEOF 19", "actual_joined": "", "match_if_single_line": false, "run_ok": false}, "timestamp": 1781976813880}
{"sessionId": "3f30cb", "runId": "pre-fix", "hypothesisId": "H1", "location": "ayasparser.py:parse_show", "message": "parse_show token kind", "data": {"token_type": "show", "is_disp": false, "line": 8}, "timestamp": 1781977157883}
{"sessionId": "3f30cb", "runId": "pre-fix", "hypothesisId": "H1", "location": "ayasparser.py:parse_show", "message": "parse_show token kind", "data": {"token_type": "show", "is_disp": false, "line": 106}, "timestamp": 1781977157884}
{"sessionId": "3f30cb", "runId": "pre-fix", "hypothesisId": "H1", "location": "ayasparser.py:parse_show", "message": "parse_show token kind", "data": {"token_type": "show", "is_disp": false, "line": 127}, "timestamp": 1781977157885}
{"sessionId": "3f30cb", "runId": "pre-fix", "hypothesisId": "H1", "location": "ayasparser.py:parse_show", "message": "parse_show token kind", "data": {"token_type": "show", "is_disp": false, "line": 134}, "timestamp": 1781977157886}
{"sessionId": "3f30cb", "runId": "pre-fix", "hypothesisId": "H1", "location": "ayasparser.py:parse_show", "message": "parse_show token kind", "data": {"token_type": "show", "is_disp": false, "line": 137}, "timestamp": 1781977157886}
{"sessionId": "3f30cb", "runId": "pre-fix", "hypothesisId": "H1", "location": "ayasparser.py:parse_show", "message": "parse_show token kind", "data": {"token_type": "show", "is_disp": false, "line": 144}, "timestamp": 1781977157887}
{"sessionId": "3f30cb", "runId": "pre-fix", "hypothesisId": "H1", "location": "ayasparser.py:parse_show", "message": "parse_show token kind", "data": {"token_type": "show", "is_disp": false, "line": 147}, "timestamp": 1781977157887}
{"sessionId": "3f30cb", "runId": "pre-fix", "hypothesisId": "H1", "location": "ayasparser.py:parse_show", "message": "parse_show token kind", "data": {"token_type": "show", "is_disp": false, "line": 169}, "timestamp": 1781977157888}
{"sessionId": "3f30cb", "runId": "pre-fix", "hypothesisId": "H1", "location": "ayasparser.py:parse_show", "message": "parse_show token kind", "data": {"token_type": "show", "is_disp": false, "line": 193}, "timestamp": 1781977157889}
{"sessionId": "3f30cb", "runId": "pre-fix", "hypothesisId": "H1", "location": "ayasparser.py:parse_show", "message": "parse_show token kind", "data": {"token_type": "show", "is_disp": false, "line": 195}, "timestamp": 1781977157889}
{"sessionId": "3f30cb", "runId": "pre-fix", "hypothesisId": "H1", "location": "ayasparser.py:parse_show", "message": "parse_show token kind", "data": {"token_type": "show", "is_disp": false, "line": 215}, "timestamp": 1781977157889}
{"sessionId": "3f30cb", "runId": "pre-fix", "hypothesisId": "H1", "location": "ayasparser.py:parse_show", "message": "parse_show token kind", "data": {"token_type": "show", "is_disp": false, "line": 217}, "timestamp": 1781977157890}
{"sessionId": "3f30cb", "runId": "pre-fix", "hypothesisId": "H1", "location": "ayasparser.py:parse_show", "message": "parse_show token kind", "data": {"token_type": "show", "is_disp": false, "line": 219}, "timestamp": 1781977157890}
{"sessionId": "3f30cb", "runId": "pre-fix", "hypothesisId": "H1", "location": "ayasparser.py:parse_show", "message": "parse_show token kind", "data": {"token_type": "show", "is_disp": false, "line": 221}, "timestamp": 1781977157891}
{"sessionId": "3f30cb", "runId": "pre-fix", "hypothesisId": "H1", "location": "ayasparser.py:parse_show", "message": "parse_show token kind", "data": {"token_type": "show", "is_disp": false, "line": 223}, "timestamp": 1781977157891}
{"sessionId": "3f30cb", "runId": "pre-fix", "hypothesisId": "H1", "location": "ayasparser.py:parse_show", "message": "parse_show token kind", "data": {"token_type": "show", "is_disp": false, "line": 225}, "timestamp": 1781977157891}
{"sessionId": "3f30cb", "runId": "pre-fix", "hypothesisId": "H1", "location": "ayasparser.py:parse_show", "message": "parse_show token kind", "data": {"token_type": "show", "is_disp": false, "line": 227}, "timestamp": 1781977157892}
{"sessionId": "3f30cb", "runId": "pre-fix", "hypothesisId": "H1", "location": "ayasparser.py:parse_show", "message": "parse_show token kind", "data": {"token_type": "show", "is_disp": false, "line": 229}, "timestamp": 1781977157892}
{"sessionId": "3f30cb", "runId": "pre-fix", "hypothesisId": "H1", "location": "ayasparser.py:parse_show", "message": "parse_show token kind", "data": {"token_type": "show", "is_disp": false, "line": 231}, "timestamp": 1781977157892}
{"sessionId": "3f30cb", "runId": "pre-fix", "hypothesisId": "H1", "location": "ayasparser.py:parse_show", "message": "parse_show token kind", "data": {"token_type": "show", "is_disp": false, "line": 233}, "timestamp": 1781977157893}
{"sessionId": "3f30cb", "runId": "pre-fix", "hypothesisId": "H1", "location": "ayasparser.py:parse_show", "message": "parse_show token kind", "data": {"token_type": "show", "is_disp": false, "line": 235}, "timestamp": 1781977157893}
{"sessionId": "3f30cb", "runId": "pre-fix", "hypothesisId": "H1", "location": "ayasparser.py:parse_show", "message": "parse_show token kind", "data": {"token_type": "show", "is_disp": false, "line": 237}, "timestamp": 1781977157894}
{"sessionId": "3f30cb", "runId": "pre-fix", "hypothesisId": "H1", "location": "ayasparser.py:parse_show", "message": "parse_show token kind", "data": {"token_type": "show", "is_disp": false, "line": 239}, "timestamp": 1781977157894}
{"sessionId": "3f30cb", "runId": "pre-fix", "hypothesisId": "H1", "location": "ayasparser.py:parse_show", "message": "parse_show token kind", "data": {"token_type": "show", "is_disp": false, "line": 241}, "timestamp": 1781977157894}
{"sessionId": "3f30cb", "runId": "pre-fix", "hypothesisId": "H1", "location": "ayasparser.py:parse_show", "message": "parse_show token kind", "data": {"token_type": "show", "is_disp": false, "line": 243}, "timestamp": 1781977157895}
{"sessionId": "3f30cb", "runId": "pre-fix", "hypothesisId": "H1", "location": "ayasparser.py:parse_show", "message": "parse_show token kind", "data": {"token_type": "show", "is_disp": false, "line": 245}, "timestamp": 1781977157895}
{"sessionId": "3f30cb", "runId": "pre-fix", "hypothesisId": "H1", "location": "ayasparser.py:parse_show", "message": "parse_show token kind", "data": {"token_type": "show", "is_disp": false, "line": 247}, "timestamp": 1781977157895}
{"sessionId": "3f30cb", "runId": "pre-fix", "hypothesisId": "H1", "location": "ayasparser.py:parse_show", "message": "parse_show token kind", "data": {"token_type": "show", "is_disp": false, "line": 249}, "timestamp": 1781977157896}
{"sessionId": "3f30cb", "runId": "pre-fix", "hypothesisId": "H1", "location": "ayasparser.py:parse_show", "message": "parse_show token kind", "data": {"token_type": "show", "is_disp": false, "line": 251}, "timestamp": 1781977157896}
{"sessionId": "3f30cb", "runId": "pre-fix", "hypothesisId": "H1", "location": "ayasparser.py:parse_show", "message": "parse_show token kind", "data": {"token_type": "show", "is_disp": false, "line": 253}, "timestamp": 1781977157896}
{"sessionId": "3f30cb", "runId": "pre-fix", "hypothesisId": "H1", "location": "ayasparser.py:parse_show", "message": "parse_show token kind", "data": {"token_type": "show", "is_disp": false, "line": 255}, "timestamp": 1781977157897}
{"sessionId": "3f30cb", "runId": "pre-fix", "hypothesisId": "H1", "location": "ayasparser.py:parse_show", "message": "parse_show token kind", "data": {"token_type": "show", "is_disp": false, "line": 257}, "timestamp": 1781977157897}
{"sessionId": "3f30cb", "runId": "pre-fix", "hypothesisId": "H1", "location": "ayasparser.py:parse_show", "message": "parse_show token kind", "data": {"token_type": "show", "is_disp": false, "line": 259}, "timestamp": 1781977157898}
{"sessionId": "3f30cb", "runId": "pre-fix", "hypothesisId": "H1", "location": "ayasparser.py:parse_show", "message": "parse_show token kind", "data": {"token_type": "show", "is_disp": false, "line": 261}, "timestamp": 1781977157898}
{"sessionId": "3f30cb", "runId": "pre-fix", "hypothesisId": "H1", "location": "ayasparser.py:parse_show", "message": "parse_show token kind", "data": {"token_type": "show", "is_disp": false, "line": 266}, "timestamp": 1781977157898}
{"sessionId": "3f30cb", "runId": "pre-fix", "hypothesisId": "H1", "location": "ayasparser.py:parse_show", "message": "parse_show token kind", "data": {"token_type": "show", "is_disp": false, "line": 269}, "timestamp": 1781977157899}
{"sessionId": "3f30cb", "runId": "pre-fix", "hypothesisId": "H1", "location": "ayasparser.py:parse_show", "message": "parse_show token kind", "data": {"token_type": "show", "is_disp": false, "line": 272}, "timestamp": 1781977157899}
{"sessionId": "3f30cb", "runId": "pre-fix", "hypothesisId": "H1", "location": "ayasparser.py:parse_show", "message": "parse_show token kind", "data": {"token_type": "show", "is_disp": false, "line": 275}, "timestamp": 1781977157899}
{"sessionId": "3f30cb", "runId": "pre-fix", "hypothesisId": "H1", "location": "ayasparser.py:parse_show", "message": "parse_show token kind", "data": {"token_type": "show", "is_disp": false, "line": 278}, "timestamp": 1781977157900}
{"sessionId": "3f30cb", "runId": "pre-fix", "hypothesisId": "H1", "location": "ayasparser.py:parse_show", "message": "parse_show token kind", "data": {"token_type": "show", "is_disp": false, "line": 281}, "timestamp": 1781977157900}
{"sessionId": "3f30cb", "runId": "pre-fix", "hypothesisId": "H1", "location": "ayasparser.py:parse_show", "message": "parse_show token kind", "data": {"token_type": "show", "is_disp": false, "line": 284}, "timestamp": 1781977157901}
{"sessionId": "3f30cb", "runId": "pre-fix", "hypothesisId": "H1", "location": "ayasparser.py:parse_show", "message": "parse_show token kind", "data": {"token_type": "show", "is_disp": false, "line": 287}, "timestamp": 1781977157901}
{"sessionId": "3f30cb", "runId": "pre-fix", "hypothesisId": "H1", "location": "ayasparser.py:parse_show", "message": "parse_show token kind", "data": {"token_type": "show", "is_disp": false, "line": 290}, "timestamp": 1781977157901}
{"sessionId": "3f30cb", "runId": "pre-fix", "hypothesisId": "H1", "location": "ayasparser.py:parse_show", "message": "parse_show token kind", "data": {"token_type": "show", "is_disp": false, "line": 293}, "timestamp": 1781977157902}
{"sessionId": "3f30cb", "runId": "pre-fix", "hypothesisId": "H1", "location": "ayasparser.py:parse_show", "message": "parse_show token kind", "data": {"token_type": "show", "is_disp": false, "line": 296}, "timestamp": 1781977157902}
{"sessionId": "3f30cb", "runId": "pre-fix", "hypothesisId": "H1", "location": "ayasparser.py:parse_show", "message": "parse_show token kind", "data": {"token_type": "show", "is_disp": false, "line": 299}, "timestamp": 1781977157903}
{"sessionId": "3f30cb", "runId": "pre-fix", "hypothesisId": "H1", "location": "ayasparser.py:parse_show", "message": "parse_show token kind", "data": {"token_type": "show", "is_disp": false, "line": 307}, "timestamp": 1781977157903}
{"sessionId": "3f30cb", "runId": "pre-fix", "hypothesisId": "H1", "location": "compile.py:compile_ayas", "message": "parsed show/disp counts (top-level only)", "data": {"source": "ayaslexer.ayas", "disp_nodes": 0, "show_nodes": 2}, "timestamp": 1781977157903}
{"sessionId": "3f30cb", "runId": "pre-fix", "hypothesisId": "H4", "location": "compile.py:_debug_lexer_compare", "message": "testinput.ayas loaded", "data": {"bytes": 239, "preview": "'let x be 5\\nlet y be 3.14\\nlet name be \"hello\"\\n\\nfun add(a: number, b: number) {\\n  '", "token_count": 93}, "timestamp": 1781977158610}
{"sessionId": "3f30cb", "runId": "pre-fix", "hypothesisId": "H5", "location": "compile.py:_debug_lexer_compare", "message": "ayaslexer.exe run failed", "data": {"error": "[WinError 123] The filename, directory name, or volume label syntax is incorrect", "winerror": 123}, "timestamp": 1781977158611}
{"sessionId": "3f30cb", "runId": "pre-fix", "hypothesisId": "H1", "location": "compile.py:_debug_lexer_compare", "message": "output format comparison", "data": {"expected_lines": ["let let 1", "IDENTIFIER x 1", "be be 1", "NUMBER 5 1", "NEWLINE \\n 1", "let let 2", "IDENTIFIER y 2", "be be 2", "FLOAT 3.14 2", "NEWLINE \\n 2", "let let 3", "IDENTIFIER name 3", "be be 3", "STRING hello 3", "NEWLINE \\n 3", "NEWLINE \\n 4", "fun fun 5", "IDENTIFIER add 5", "( ( 5", "IDENTIFIER a 5", ": : 5", "IDENTIFIER number 5", ", , 5", "IDENTIFIER b 5", ": : 5", "IDENTIFIER number 5", ") ) 5", "{ { 5", "NEWLINE \\n 5", "give give 6", "back back 6", "[ [ 6", "IDENTIFIER a 6", "+ + 6", "IDENTIFIER b 6", "] ] 6", "NEWLINE \\n 6", "} } 7", "NEWLINE \\n 7", "NEWLINE \\n 8", "let let 9", "IDENTIFIER result 9", "be be 9", "IDENTIFIER add 9", "( ( 9", "IDENTIFIER x 9", ", , 9", "NUMBER 10 9", ") ) 9", "NEWLINE \\n 9", "NEWLINE \\n 10", "when when 11", "[ [ 11", "IDENTIFIER result 11", "> > 11", "NUMBER 4 11", "] ] 11", "{ { 11", "NEWLINE \\n 11", "show show 12", "IDENTIFIER result 12", "NEWLINE \\n 12", "} } 13", "otherwise otherwise 13", "{ { 13", "NEWLINE \\n 13", "show show 14", "NUMBER 0 14", "NEWLINE \\n 14", "} } 15", "NEWLINE \\n 15", "NEWLINE \\n 16", "repeat repeat 17", "IDENTIFIER i 17", "in in 17", "[ [ 17", "NUMBER 0 17", "to to 17", "NUMBER 10 17", "] ] 17", "{ { 17", "NEWLINE \\n 17", "let let 18", "IDENTIFIER z 18", "be be 18", "[ [ 18", "IDENTIFIER i 18", "* * 18", "NUMBER 2 18", "] ] 18", "NEWLINE \\n 18", "} } 19", "EOF 19"], "actual_split_lines": [], "expected_joined": "let let 1\nIDENTIFIER x 1\nbe be 1\nNUMBER 5 1\nNEWLINE \\n 1\nlet let 2\nIDENTIFIER y 2\nbe be 2\nFLOAT 3.14 2\nNEWLINE \\n 2\nlet let 3\nIDENTIFIER name 3\nbe be 3\nSTRING hello 3\nNEWLINE \\n 3\nNEWLINE \\n 4\nfun fun 5\nIDENTIFIER add 5\n( ( 5\nIDENTIFIER a 5\n: : 5\nIDENTIFIER number 5\n, , 5\nIDENTIFIER b 5\n: : 5\nIDENTIFIER number 5\n) ) 5\n{ { 5\nNEWLINE \\n 5\ngive give 6\nback back 6\n[ [ 6\nIDENTIFIER a 6\n+ + 6\nIDENTIFIER b 6\n] ] 6\nNEWLINE \\n 6\n} } 7\nNEWLINE \\n 7\nNEWLINE \\n 8\nlet let 9\nIDENTIFIER result 9\nbe be 9\nIDENTIFIER add 9\n( ( 9\nIDENTIFIER x 9\n, , 9\nNUMBER 10 9\n) ) 9\nNEWLINE \\n 9\nNEWLINE \\n 10\nwhen when 11\n[ [ 11\nIDENTIFIER result 11\n> > 11\nNUMBER 4 11\n] ] 11\n{ { 11\nNEWLINE \\n 11\nshow show 12\nIDENTIFIER result 12\nNEWLINE \\n 12\n} } 13\notherwise otherwise 13\n{ { 13\nNEWLINE \\n 13\nshow show 14\nNUMBER 0 14\nNEWLINE \\n 14\n} } 15\nNEWLINE \\n 15\nNEWLINE \\n 16\nrepeat repeat 17\nIDENTIFIER i 17\nin in 17\n[ [ 17\nNUMBER 0 17\nto to 17\nNUMBER 10 17\n] ] 17\n{ { 17\nNEWLINE \\n 17\nlet let 18\nIDENTIFIER z 18\nbe be 18\n[ [ 18\nIDENTIFIER i 18\n* * 18\nNUMBER 2 18\n] ] 18\nNEWLINE \\n 18\n} } 19\nEOF 19", "actual_joined": "", "match_if_single_line": false, "run_ok": false}, "timestamp": 1781977158611}
{"sessionId": "3f30cb", "runId": "pre-fix", "hypothesisId": "H1", "location": "ayasparser.py:parse_show", "message": "parse_show token kind", "data": {"token_type": "show", "is_disp": false, "line": 8}, "timestamp": 1781977233482}
{"sessionId": "3f30cb", "runId": "pre-fix", "hypothesisId": "H1", "location": "ayasparser.py:parse_show", "message": "parse_show token kind", "data": {"token_type": "show", "is_disp": false, "line": 9}, "timestamp": 1781977233483}
{"sessionId": "3f30cb", "runId": "pre-fix", "hypothesisId": "H1", "location": "ayasparser.py:parse_show", "message": "parse_show token kind", "data": {"token_type": "show", "is_disp": false, "line": 107}, "timestamp": 1781977233484}
{"sessionId": "3f30cb", "runId": "pre-fix", "hypothesisId": "H1", "location": "ayasparser.py:parse_show", "message": "parse_show token kind", "data": {"token_type": "show", "is_disp": false, "line": 128}, "timestamp": 1781977233485}
{"sessionId": "3f30cb", "runId": "pre-fix", "hypothesisId": "H1", "location": "ayasparser.py:parse_show", "message": "parse_show token kind", "data": {"token_type": "show", "is_disp": false, "line": 135}, "timestamp": 1781977233485}
{"sessionId": "3f30cb", "runId": "pre-fix", "hypothesisId": "H1", "location": "ayasparser.py:parse_show", "message": "parse_show token kind", "data": {"token_type": "show", "is_disp": false, "line": 138}, "timestamp": 1781977233486}
{"sessionId": "3f30cb", "runId": "pre-fix", "hypothesisId": "H1", "location": "ayasparser.py:parse_show", "message": "parse_show token kind", "data": {"token_type": "show", "is_disp": false, "line": 145}, "timestamp": 1781977233486}
{"sessionId": "3f30cb", "runId": "pre-fix", "hypothesisId": "H1", "location": "ayasparser.py:parse_show", "message": "parse_show token kind", "data": {"token_type": "show", "is_disp": false, "line": 148}, "timestamp": 1781977233487}
{"sessionId": "3f30cb", "runId": "pre-fix", "hypothesisId": "H1", "location": "ayasparser.py:parse_show", "message": "parse_show token kind", "data": {"token_type": "show", "is_disp": false, "line": 170}, "timestamp": 1781977233488}
{"sessionId": "3f30cb", "runId": "pre-fix", "hypothesisId": "H1", "location": "ayasparser.py:parse_show", "message": "parse_show token kind", "data": {"token_type": "show", "is_disp": false, "line": 194}, "timestamp": 1781977233488}
{"sessionId": "3f30cb", "runId": "pre-fix", "hypothesisId": "H1", "location": "ayasparser.py:parse_show", "message": "parse_show token kind", "data": {"token_type": "show", "is_disp": false, "line": 196}, "timestamp": 1781977233489}
{"sessionId": "3f30cb", "runId": "pre-fix", "hypothesisId": "H1", "location": "ayasparser.py:parse_show", "message": "parse_show token kind", "data": {"token_type": "show", "is_disp": false, "line": 216}, "timestamp": 1781977233489}
{"sessionId": "3f30cb", "runId": "pre-fix", "hypothesisId": "H1", "location": "ayasparser.py:parse_show", "message": "parse_show token kind", "data": {"token_type": "show", "is_disp": false, "line": 218}, "timestamp": 1781977233490}
{"sessionId": "3f30cb", "runId": "pre-fix", "hypothesisId": "H1", "location": "ayasparser.py:parse_show", "message": "parse_show token kind", "data": {"token_type": "show", "is_disp": false, "line": 220}, "timestamp": 1781977233490}
{"sessionId": "3f30cb", "runId": "pre-fix", "hypothesisId": "H1", "location": "ayasparser.py:parse_show", "message": "parse_show token kind", "data": {"token_type": "show", "is_disp": false, "line": 222}, "timestamp": 1781977233491}
{"sessionId": "3f30cb", "runId": "pre-fix", "hypothesisId": "H1", "location": "ayasparser.py:parse_show", "message": "parse_show token kind", "data": {"token_type": "show", "is_disp": false, "line": 224}, "timestamp": 1781977233491}
{"sessionId": "3f30cb", "runId": "pre-fix", "hypothesisId": "H1", "location": "ayasparser.py:parse_show", "message": "parse_show token kind", "data": {"token_type": "show", "is_disp": false, "line": 226}, "timestamp": 1781977233492}
{"sessionId": "3f30cb", "runId": "pre-fix", "hypothesisId": "H1", "location": "ayasparser.py:parse_show", "message": "parse_show token kind", "data": {"token_type": "show", "is_disp": false, "line": 228}, "timestamp": 1781977233492}
{"sessionId": "3f30cb", "runId": "pre-fix", "hypothesisId": "H1", "location": "ayasparser.py:parse_show", "message": "parse_show token kind", "data": {"token_type": "show", "is_disp": false, "line": 230}, "timestamp": 1781977233493}
{"sessionId": "3f30cb", "runId": "pre-fix", "hypothesisId": "H1", "location": "ayasparser.py:parse_show", "message": "parse_show token kind", "data": {"token_type": "show", "is_disp": false, "line": 232}, "timestamp": 1781977233493}
{"sessionId": "3f30cb", "runId": "pre-fix", "hypothesisId": "H1", "location": "ayasparser.py:parse_show", "message": "parse_show token kind", "data": {"token_type": "show", "is_disp": false, "line": 234}, "timestamp": 1781977233493}
{"sessionId": "3f30cb", "runId": "pre-fix", "hypothesisId": "H1", "location": "ayasparser.py:parse_show", "message": "parse_show token kind", "data": {"token_type": "show", "is_disp": false, "line": 236}, "timestamp": 1781977233494}
{"sessionId": "3f30cb", "runId": "pre-fix", "hypothesisId": "H1", "location": "ayasparser.py:parse_show", "message": "parse_show token kind", "data": {"token_type": "show", "is_disp": false, "line": 238}, "timestamp": 1781977233494}
{"sessionId": "3f30cb", "runId": "pre-fix", "hypothesisId": "H1", "location": "ayasparser.py:parse_show", "message": "parse_show token kind", "data": {"token_type": "show", "is_disp": false, "line": 240}, "timestamp": 1781977233494}
{"sessionId": "3f30cb", "runId": "pre-fix", "hypothesisId": "H1", "location": "ayasparser.py:parse_show", "message": "parse_show token kind", "data": {"token_type": "show", "is_disp": false, "line": 242}, "timestamp": 1781977233495}
{"sessionId": "3f30cb", "runId": "pre-fix", "hypothesisId": "H1", "location": "ayasparser.py:parse_show", "message": "parse_show token kind", "data": {"token_type": "show", "is_disp": false, "line": 244}, "timestamp": 1781977233495}
{"sessionId": "3f30cb", "runId": "pre-fix", "hypothesisId": "H1", "location": "ayasparser.py:parse_show", "message": "parse_show token kind", "data": {"token_type": "show", "is_disp": false, "line": 246}, "timestamp": 1781977233495}
{"sessionId": "3f30cb", "runId": "pre-fix", "hypothesisId": "H1", "location": "ayasparser.py:parse_show", "message": "parse_show token kind", "data": {"token_type": "show", "is_disp": false, "line": 248}, "timestamp": 1781977233495}
{"sessionId": "3f30cb", "runId": "pre-fix", "hypothesisId": "H1", "location": "ayasparser.py:parse_show", "message": "parse_show token kind", "data": {"token_type": "show", "is_disp": false, "line": 250}, "timestamp": 1781977233497}
{"sessionId": "3f30cb", "runId": "pre-fix", "hypothesisId": "H1", "location": "ayasparser.py:parse_show", "message": "parse_show token kind", "data": {"token_type": "show", "is_disp": false, "line": 252}, "timestamp": 1781977233497}
{"sessionId": "3f30cb", "runId": "pre-fix", "hypothesisId": "H1", "location": "ayasparser.py:parse_show", "message": "parse_show token kind", "data": {"token_type": "show", "is_disp": false, "line": 254}, "timestamp": 1781977233497}
{"sessionId": "3f30cb", "runId": "pre-fix", "hypothesisId": "H1", "location": "ayasparser.py:parse_show", "message": "parse_show token kind", "data": {"token_type": "show", "is_disp": false, "line": 256}, "timestamp": 1781977233498}
{"sessionId": "3f30cb", "runId": "pre-fix", "hypothesisId": "H1", "location": "ayasparser.py:parse_show", "message": "parse_show token kind", "data": {"token_type": "show", "is_disp": false, "line": 258}, "timestamp": 1781977233498}
{"sessionId": "3f30cb", "runId": "pre-fix", "hypothesisId": "H1", "location": "ayasparser.py:parse_show", "message": "parse_show token kind", "data": {"token_type": "show", "is_disp": false, "line": 260}, "timestamp": 1781977233499}
{"sessionId": "3f30cb", "runId": "pre-fix", "hypothesisId": "H1", "location": "ayasparser.py:parse_show", "message": "parse_show token kind", "data": {"token_type": "show", "is_disp": false, "line": 262}, "timestamp": 1781977233499}
{"sessionId": "3f30cb", "runId": "pre-fix", "hypothesisId": "H1", "location": "ayasparser.py:parse_show", "message": "parse_show token kind", "data": {"token_type": "show", "is_disp": false, "line": 267}, "timestamp": 1781977233499}
{"sessionId": "3f30cb", "runId": "pre-fix", "hypothesisId": "H1", "location": "ayasparser.py:parse_show", "message": "parse_show token kind", "data": {"token_type": "show", "is_disp": false, "line": 270}, "timestamp": 1781977233500}
{"sessionId": "3f30cb", "runId": "pre-fix", "hypothesisId": "H1", "location": "ayasparser.py:parse_show", "message": "parse_show token kind", "data": {"token_type": "show", "is_disp": false, "line": 273}, "timestamp": 1781977233500}
{"sessionId": "3f30cb", "runId": "pre-fix", "hypothesisId": "H1", "location": "ayasparser.py:parse_show", "message": "parse_show token kind", "data": {"token_type": "show", "is_disp": false, "line": 276}, "timestamp": 1781977233500}
{"sessionId": "3f30cb", "runId": "pre-fix", "hypothesisId": "H1", "location": "ayasparser.py:parse_show", "message": "parse_show token kind", "data": {"token_type": "show", "is_disp": false, "line": 279}, "timestamp": 1781977233500}
{"sessionId": "3f30cb", "runId": "pre-fix", "hypothesisId": "H1", "location": "ayasparser.py:parse_show", "message": "parse_show token kind", "data": {"token_type": "show", "is_disp": false, "line": 282}, "timestamp": 1781977233501}
{"sessionId": "3f30cb", "runId": "pre-fix", "hypothesisId": "H1", "location": "ayasparser.py:parse_show", "message": "parse_show token kind", "data": {"token_type": "show", "is_disp": false, "line": 285}, "timestamp": 1781977233501}
{"sessionId": "3f30cb", "runId": "pre-fix", "hypothesisId": "H1", "location": "ayasparser.py:parse_show", "message": "parse_show token kind", "data": {"token_type": "show", "is_disp": false, "line": 288}, "timestamp": 1781977233502}
{"sessionId": "3f30cb", "runId": "pre-fix", "hypothesisId": "H1", "location": "ayasparser.py:parse_show", "message": "parse_show token kind", "data": {"token_type": "show", "is_disp": false, "line": 291}, "timestamp": 1781977233502}
{"sessionId": "3f30cb", "runId": "pre-fix", "hypothesisId": "H1", "location": "ayasparser.py:parse_show", "message": "parse_show token kind", "data": {"token_type": "show", "is_disp": false, "line": 294}, "timestamp": 1781977233502}
{"sessionId": "3f30cb", "runId": "pre-fix", "hypothesisId": "H1", "location": "ayasparser.py:parse_show", "message": "parse_show token kind", "data": {"token_type": "show", "is_disp": false, "line": 297}, "timestamp": 1781977233503}
{"sessionId": "3f30cb", "runId": "pre-fix", "hypothesisId": "H1", "location": "ayasparser.py:parse_show", "message": "parse_show token kind", "data": {"token_type": "show", "is_disp": false, "line": 300}, "timestamp": 1781977233503}
{"sessionId": "3f30cb", "runId": "pre-fix", "hypothesisId": "H1", "location": "ayasparser.py:parse_show", "message": "parse_show token kind", "data": {"token_type": "show", "is_disp": false, "line": 308}, "timestamp": 1781977233503}
{"sessionId": "3f30cb", "runId": "pre-fix", "hypothesisId": "H1", "location": "compile.py:compile_ayas", "message": "parsed show/disp counts (top-level only)", "data": {"source": "ayaslexer.ayas", "disp_nodes": 0, "show_nodes": 3}, "timestamp": 1781977233503}
{"sessionId": "3f30cb", "runId": "pre-fix", "hypothesisId": "H4", "location": "compile.py:_debug_lexer_compare", "message": "testinput.ayas loaded", "data": {"bytes": 239, "preview": "'let x be 5\\nlet y be 3.14\\nlet name be \"hello\"\\n\\nfun add(a: number, b: number) {\\n  '", "token_count": 93}, "timestamp": 1781977234004}
{"sessionId": "3f30cb", "runId": "pre-fix", "hypothesisId": "H5", "location": "compile.py:_debug_lexer_compare", "message": "ayaslexer.exe run failed", "data": {"error": "[WinError 123] The filename, directory name, or volume label syntax is incorrect", "winerror": 123}, "timestamp": 1781977234004}
{"sessionId": "3f30cb", "runId": "pre-fix", "hypothesisId": "H1", "location": "compile.py:_debug_lexer_compare", "message": "output format comparison", "data": {"expected_lines": ["let let 1", "IDENTIFIER x 1", "be be 1", "NUMBER 5 1", "NEWLINE \\n 1", "let let 2", "IDENTIFIER y 2", "be be 2", "FLOAT 3.14 2", "NEWLINE \\n 2", "let let 3", "IDENTIFIER name 3", "be be 3", "STRING hello 3", "NEWLINE \\n 3", "NEWLINE \\n 4", "fun fun 5", "IDENTIFIER add 5", "( ( 5", "IDENTIFIER a 5", ": : 5", "IDENTIFIER number 5", ", , 5", "IDENTIFIER b 5", ": : 5", "IDENTIFIER number 5", ") ) 5", "{ { 5", "NEWLINE \\n 5", "give give 6", "back back 6", "[ [ 6", "IDENTIFIER a 6", "+ + 6", "IDENTIFIER b 6", "] ] 6", "NEWLINE \\n 6", "} } 7", "NEWLINE \\n 7", "NEWLINE \\n 8", "let let 9", "IDENTIFIER result 9", "be be 9", "IDENTIFIER add 9", "( ( 9", "IDENTIFIER x 9", ", , 9", "NUMBER 10 9", ") ) 9", "NEWLINE \\n 9", "NEWLINE \\n 10", "when when 11", "[ [ 11", "IDENTIFIER result 11", "> > 11", "NUMBER 4 11", "] ] 11", "{ { 11", "NEWLINE \\n 11", "show show 12", "IDENTIFIER result 12", "NEWLINE \\n 12", "} } 13", "otherwise otherwise 13", "{ { 13", "NEWLINE \\n 13", "show show 14", "NUMBER 0 14", "NEWLINE \\n 14", "} } 15", "NEWLINE \\n 15", "NEWLINE \\n 16", "repeat repeat 17", "IDENTIFIER i 17", "in in 17", "[ [ 17", "NUMBER 0 17", "to to 17", "NUMBER 10 17", "] ] 17", "{ { 17", "NEWLINE \\n 17", "let let 18", "IDENTIFIER z 18", "be be 18", "[ [ 18", "IDENTIFIER i 18", "* * 18", "NUMBER 2 18", "] ] 18", "NEWLINE \\n 18", "} } 19", "EOF 19"], "actual_split_lines": [], "expected_joined": "let let 1\nIDENTIFIER x 1\nbe be 1\nNUMBER 5 1\nNEWLINE \\n 1\nlet let 2\nIDENTIFIER y 2\nbe be 2\nFLOAT 3.14 2\nNEWLINE \\n 2\nlet let 3\nIDENTIFIER name 3\nbe be 3\nSTRING hello 3\nNEWLINE \\n 3\nNEWLINE \\n 4\nfun fun 5\nIDENTIFIER add 5\n( ( 5\nIDENTIFIER a 5\n: : 5\nIDENTIFIER number 5\n, , 5\nIDENTIFIER b 5\n: : 5\nIDENTIFIER number 5\n) ) 5\n{ { 5\nNEWLINE \\n 5\ngive give 6\nback back 6\n[ [ 6\nIDENTIFIER a 6\n+ + 6\nIDENTIFIER b 6\n] ] 6\nNEWLINE \\n 6\n} } 7\nNEWLINE \\n 7\nNEWLINE \\n 8\nlet let 9\nIDENTIFIER result 9\nbe be 9\nIDENTIFIER add 9\n( ( 9\nIDENTIFIER x 9\n, , 9\nNUMBER 10 9\n) ) 9\nNEWLINE \\n 9\nNEWLINE \\n 10\nwhen when 11\n[ [ 11\nIDENTIFIER result 11\n> > 11\nNUMBER 4 11\n] ] 11\n{ { 11\nNEWLINE \\n 11\nshow show 12\nIDENTIFIER result 12\nNEWLINE \\n 12\n} } 13\notherwise otherwise 13\n{ { 13\nNEWLINE \\n 13\nshow show 14\nNUMBER 0 14\nNEWLINE \\n 14\n} } 15\nNEWLINE \\n 15\nNEWLINE \\n 16\nrepeat repeat 17\nIDENTIFIER i 17\nin in 17\n[ [ 17\nNUMBER 0 17\nto to 17\nNUMBER 10 17\n] ] 17\n{ { 17\nNEWLINE \\n 17\nlet let 18\nIDENTIFIER z 18\nbe be 18\n[ [ 18\nIDENTIFIER i 18\n* * 18\nNUMBER 2 18\n] ] 18\nNEWLINE \\n 18\n} } 19\nEOF 19", "actual_joined": "", "match_if_single_line": false, "run_ok": false}, "timestamp": 1781977234004}
{"sessionId": "3f30cb", "runId": "pre-fix", "hypothesisId": "H1", "location": "ayasparser.py:parse_show", "message": "parse_show token kind", "data": {"token_type": "show", "is_disp": false, "line": 8}, "timestamp": 1781977287941}
{"sessionId": "3f30cb", "runId": "pre-fix", "hypothesisId": "H1", "location": "ayasparser.py:parse_show", "message": "parse_show token kind", "data": {"token_type": "show", "is_disp": false, "line": 9}, "timestamp": 1781977287941}
{"sessionId": "3f30cb", "runId": "pre-fix", "hypothesisId": "H1", "location": "ayasparser.py:parse_show", "message": "parse_show token kind", "data": {"token_type": "show", "is_disp": false, "line": 132}, "timestamp": 1781977287942}
{"sessionId": "3f30cb", "runId": "pre-fix", "hypothesisId": "H1", "location": "ayasparser.py:parse_show", "message": "parse_show token kind", "data": {"token_type": "show", "is_disp": false, "line": 153}, "timestamp": 1781977287943}
{"sessionId": "3f30cb", "runId": "pre-fix", "hypothesisId": "H1", "location": "ayasparser.py:parse_show", "message": "parse_show token kind", "data": {"token_type": "show", "is_disp": false, "line": 160}, "timestamp": 1781977287943}
{"sessionId": "3f30cb", "runId": "pre-fix", "hypothesisId": "H1", "location": "ayasparser.py:parse_show", "message": "parse_show token kind", "data": {"token_type": "show", "is_disp": false, "line": 163}, "timestamp": 1781977287944}
{"sessionId": "3f30cb", "runId": "pre-fix", "hypothesisId": "H1", "location": "ayasparser.py:parse_show", "message": "parse_show token kind", "data": {"token_type": "show", "is_disp": false, "line": 170}, "timestamp": 1781977287944}
{"sessionId": "3f30cb", "runId": "pre-fix", "hypothesisId": "H1", "location": "ayasparser.py:parse_show", "message": "parse_show token kind", "data": {"token_type": "show", "is_disp": false, "line": 173}, "timestamp": 1781977287944}
{"sessionId": "3f30cb", "runId": "pre-fix", "hypothesisId": "H1", "location": "ayasparser.py:parse_show", "message": "parse_show token kind", "data": {"token_type": "show", "is_disp": false, "line": 195}, "timestamp": 1781977287945}
{"sessionId": "3f30cb", "runId": "pre-fix", "hypothesisId": "H1", "location": "ayasparser.py:parse_show", "message": "parse_show token kind", "data": {"token_type": "show", "is_disp": false, "line": 219}, "timestamp": 1781977287945}
{"sessionId": "3f30cb", "runId": "pre-fix", "hypothesisId": "H1", "location": "ayasparser.py:parse_show", "message": "parse_show token kind", "data": {"token_type": "show", "is_disp": false, "line": 221}, "timestamp": 1781977287946}
{"sessionId": "3f30cb", "runId": "pre-fix", "hypothesisId": "H1", "location": "ayasparser.py:parse_show", "message": "parse_show token kind", "data": {"token_type": "show", "is_disp": false, "line": 241}, "timestamp": 1781977287946}
{"sessionId": "3f30cb", "runId": "pre-fix", "hypothesisId": "H1", "location": "ayasparser.py:parse_show", "message": "parse_show token kind", "data": {"token_type": "show", "is_disp": false, "line": 243}, "timestamp": 1781977287947}
{"sessionId": "3f30cb", "runId": "pre-fix", "hypothesisId": "H1", "location": "ayasparser.py:parse_show", "message": "parse_show token kind", "data": {"token_type": "show", "is_disp": false, "line": 245}, "timestamp": 1781977287947}
{"sessionId": "3f30cb", "runId": "pre-fix", "hypothesisId": "H1", "location": "ayasparser.py:parse_show", "message": "parse_show token kind", "data": {"token_type": "show", "is_disp": false, "line": 247}, "timestamp": 1781977287947}
{"sessionId": "3f30cb", "runId": "pre-fix", "hypothesisId": "H1", "location": "ayasparser.py:parse_show", "message": "parse_show token kind", "data": {"token_type": "show", "is_disp": false, "line": 249}, "timestamp": 1781977287947}
{"sessionId": "3f30cb", "runId": "pre-fix", "hypothesisId": "H1", "location": "ayasparser.py:parse_show", "message": "parse_show token kind", "data": {"token_type": "show", "is_disp": false, "line": 251}, "timestamp": 1781977287948}
{"sessionId": "3f30cb", "runId": "pre-fix", "hypothesisId": "H1", "location": "ayasparser.py:parse_show", "message": "parse_show token kind", "data": {"token_type": "show", "is_disp": false, "line": 253}, "timestamp": 1781977287948}
{"sessionId": "3f30cb", "runId": "pre-fix", "hypothesisId": "H1", "location": "ayasparser.py:parse_show", "message": "parse_show token kind", "data": {"token_type": "show", "is_disp": false, "line": 255}, "timestamp": 1781977287948}
{"sessionId": "3f30cb", "runId": "pre-fix", "hypothesisId": "H1", "location": "ayasparser.py:parse_show", "message": "parse_show token kind", "data": {"token_type": "show", "is_disp": false, "line": 257}, "timestamp": 1781977287949}
{"sessionId": "3f30cb", "runId": "pre-fix", "hypothesisId": "H1", "location": "ayasparser.py:parse_show", "message": "parse_show token kind", "data": {"token_type": "show", "is_disp": false, "line": 259}, "timestamp": 1781977287949}
{"sessionId": "3f30cb", "runId": "pre-fix", "hypothesisId": "H1", "location": "ayasparser.py:parse_show", "message": "parse_show token kind", "data": {"token_type": "show", "is_disp": false, "line": 261}, "timestamp": 1781977287949}
{"sessionId": "3f30cb", "runId": "pre-fix", "hypothesisId": "H1", "location": "ayasparser.py:parse_show", "message": "parse_show token kind", "data": {"token_type": "show", "is_disp": false, "line": 263}, "timestamp": 1781977287950}
{"sessionId": "3f30cb", "runId": "pre-fix", "hypothesisId": "H1", "location": "ayasparser.py:parse_show", "message": "parse_show token kind", "data": {"token_type": "show", "is_disp": false, "line": 265}, "timestamp": 1781977287950}
{"sessionId": "3f30cb", "runId": "pre-fix", "hypothesisId": "H1", "location": "ayasparser.py:parse_show", "message": "parse_show token kind", "data": {"token_type": "show", "is_disp": false, "line": 267}, "timestamp": 1781977287951}
{"sessionId": "3f30cb", "runId": "pre-fix", "hypothesisId": "H1", "location": "ayasparser.py:parse_show", "message": "parse_show token kind", "data": {"token_type": "show", "is_disp": false, "line": 269}, "timestamp": 1781977287951}
{"sessionId": "3f30cb", "runId": "pre-fix", "hypothesisId": "H1", "location": "ayasparser.py:parse_show", "message": "parse_show token kind", "data": {"token_type": "show", "is_disp": false, "line": 271}, "timestamp": 1781977287951}
{"sessionId": "3f30cb", "runId": "pre-fix", "hypothesisId": "H1", "location": "ayasparser.py:parse_show", "message": "parse_show token kind", "data": {"token_type": "show", "is_disp": false, "line": 273}, "timestamp": 1781977287952}
{"sessionId": "3f30cb", "runId": "pre-fix", "hypothesisId": "H1", "location": "ayasparser.py:parse_show", "message": "parse_show token kind", "data": {"token_type": "show", "is_disp": false, "line": 275}, "timestamp": 1781977287952}
{"sessionId": "3f30cb", "runId": "pre-fix", "hypothesisId": "H1", "location": "ayasparser.py:parse_show", "message": "parse_show token kind", "data": {"token_type": "show", "is_disp": false, "line": 277}, "timestamp": 1781977287952}
{"sessionId": "3f30cb", "runId": "pre-fix", "hypothesisId": "H1", "location": "ayasparser.py:parse_show", "message": "parse_show token kind", "data": {"token_type": "show", "is_disp": false, "line": 279}, "timestamp": 1781977287953}
{"sessionId": "3f30cb", "runId": "pre-fix", "hypothesisId": "H1", "location": "ayasparser.py:parse_show", "message": "parse_show token kind", "data": {"token_type": "show", "is_disp": false, "line": 281}, "timestamp": 1781977287953}
{"sessionId": "3f30cb", "runId": "pre-fix", "hypothesisId": "H1", "location": "ayasparser.py:parse_show", "message": "parse_show token kind", "data": {"token_type": "show", "is_disp": false, "line": 283}, "timestamp": 1781977287953}
{"sessionId": "3f30cb", "runId": "pre-fix", "hypothesisId": "H1", "location": "ayasparser.py:parse_show", "message": "parse_show token kind", "data": {"token_type": "show", "is_disp": false, "line": 285}, "timestamp": 1781977287954}
{"sessionId": "3f30cb", "runId": "pre-fix", "hypothesisId": "H1", "location": "ayasparser.py:parse_show", "message": "parse_show token kind", "data": {"token_type": "show", "is_disp": false, "line": 287}, "timestamp": 1781977287954}
{"sessionId": "3f30cb", "runId": "pre-fix", "hypothesisId": "H1", "location": "ayasparser.py:parse_show", "message": "parse_show token kind", "data": {"token_type": "show", "is_disp": false, "line": 292}, "timestamp": 1781977287954}
{"sessionId": "3f30cb", "runId": "pre-fix", "hypothesisId": "H1", "location": "ayasparser.py:parse_show", "message": "parse_show token kind", "data": {"token_type": "show", "is_disp": false, "line": 295}, "timestamp": 1781977287955}
{"sessionId": "3f30cb", "runId": "pre-fix", "hypothesisId": "H1", "location": "ayasparser.py:parse_show", "message": "parse_show token kind", "data": {"token_type": "show", "is_disp": false, "line": 298}, "timestamp": 1781977287955}
{"sessionId": "3f30cb", "runId": "pre-fix", "hypothesisId": "H1", "location": "ayasparser.py:parse_show", "message": "parse_show token kind", "data": {"token_type": "show", "is_disp": false, "line": 301}, "timestamp": 1781977287955}
{"sessionId": "3f30cb", "runId": "pre-fix", "hypothesisId": "H1", "location": "ayasparser.py:parse_show", "message": "parse_show token kind", "data": {"token_type": "show", "is_disp": false, "line": 304}, "timestamp": 1781977287956}
{"sessionId": "3f30cb", "runId": "pre-fix", "hypothesisId": "H1", "location": "ayasparser.py:parse_show", "message": "parse_show token kind", "data": {"token_type": "show", "is_disp": false, "line": 307}, "timestamp": 1781977287956}
{"sessionId": "3f30cb", "runId": "pre-fix", "hypothesisId": "H1", "location": "ayasparser.py:parse_show", "message": "parse_show token kind", "data": {"token_type": "show", "is_disp": false, "line": 310}, "timestamp": 1781977287956}
{"sessionId": "3f30cb", "runId": "pre-fix", "hypothesisId": "H1", "location": "ayasparser.py:parse_show", "message": "parse_show token kind", "data": {"token_type": "show", "is_disp": false, "line": 313}, "timestamp": 1781977287957}
{"sessionId": "3f30cb", "runId": "pre-fix", "hypothesisId": "H1", "location": "ayasparser.py:parse_show", "message": "parse_show token kind", "data": {"token_type": "show", "is_disp": false, "line": 316}, "timestamp": 1781977287957}
{"sessionId": "3f30cb", "runId": "pre-fix", "hypothesisId": "H1", "location": "ayasparser.py:parse_show", "message": "parse_show token kind", "data": {"token_type": "show", "is_disp": false, "line": 319}, "timestamp": 1781977287958}
{"sessionId": "3f30cb", "runId": "pre-fix", "hypothesisId": "H1", "location": "ayasparser.py:parse_show", "message": "parse_show token kind", "data": {"token_type": "show", "is_disp": false, "line": 322}, "timestamp": 1781977287958}
{"sessionId": "3f30cb", "runId": "pre-fix", "hypothesisId": "H1", "location": "ayasparser.py:parse_show", "message": "parse_show token kind", "data": {"token_type": "show", "is_disp": false, "line": 325}, "timestamp": 1781977287958}
{"sessionId": "3f30cb", "runId": "pre-fix", "hypothesisId": "H1", "location": "ayasparser.py:parse_show", "message": "parse_show token kind", "data": {"token_type": "show", "is_disp": false, "line": 333}, "timestamp": 1781977287959}
{"sessionId": "3f30cb", "runId": "pre-fix", "hypothesisId": "H1", "location": "compile.py:compile_ayas", "message": "parsed show/disp counts (top-level only)", "data": {"source": "ayaslexer.ayas", "disp_nodes": 0, "show_nodes": 3}, "timestamp": 1781977287959}
{"sessionId": "3f30cb", "runId": "pre-fix", "hypothesisId": "H1", "location": "ayasparser.py:parse_show", "message": "parse_show token kind", "data": {"token_type": "show", "is_disp": false, "line": 123}, "timestamp": 1781978736349}
{"sessionId": "3f30cb", "runId": "pre-fix", "hypothesisId": "H1", "location": "ayasparser.py:parse_show", "message": "parse_show token kind", "data": {"token_type": "show", "is_disp": false, "line": 143}, "timestamp": 1781978736350}
{"sessionId": "3f30cb", "runId": "pre-fix", "hypothesisId": "H1", "location": "ayasparser.py:parse_show", "message": "parse_show token kind", "data": {"token_type": "show", "is_disp": false, "line": 149}, "timestamp": 1781978736351}
{"sessionId": "3f30cb", "runId": "pre-fix", "hypothesisId": "H1", "location": "ayasparser.py:parse_show", "message": "parse_show token kind", "data": {"token_type": "show", "is_disp": false, "line": 152}, "timestamp": 1781978736351}
{"sessionId": "3f30cb", "runId": "pre-fix", "hypothesisId": "H1", "location": "ayasparser.py:parse_show", "message": "parse_show token kind", "data": {"token_type": "show", "is_disp": false, "line": 158}, "timestamp": 1781978736352}
{"sessionId": "3f30cb", "runId": "pre-fix", "hypothesisId": "H1", "location": "ayasparser.py:parse_show", "message": "parse_show token kind", "data": {"token_type": "show", "is_disp": false, "line": 161}, "timestamp": 1781978736352}
{"sessionId": "3f30cb", "runId": "pre-fix", "hypothesisId": "H1", "location": "ayasparser.py:parse_show", "message": "parse_show token kind", "data": {"token_type": "show", "is_disp": false, "line": 182}, "timestamp": 1781978736352}
{"sessionId": "3f30cb", "runId": "pre-fix", "hypothesisId": "H1", "location": "ayasparser.py:parse_show", "message": "parse_show token kind", "data": {"token_type": "show", "is_disp": false, "line": 205}, "timestamp": 1781978736353}
{"sessionId": "3f30cb", "runId": "pre-fix", "hypothesisId": "H1", "location": "ayasparser.py:parse_show", "message": "parse_show token kind", "data": {"token_type": "show", "is_disp": false, "line": 207}, "timestamp": 1781978736353}
{"sessionId": "3f30cb", "runId": "pre-fix", "hypothesisId": "H1", "location": "ayasparser.py:parse_show", "message": "parse_show token kind", "data": {"token_type": "show", "is_disp": false, "line": 226}, "timestamp": 1781978736354}
{"sessionId": "3f30cb", "runId": "pre-fix", "hypothesisId": "H1", "location": "ayasparser.py:parse_show", "message": "parse_show token kind", "data": {"token_type": "show", "is_disp": false, "line": 228}, "timestamp": 1781978736354}
{"sessionId": "3f30cb", "runId": "pre-fix", "hypothesisId": "H1", "location": "ayasparser.py:parse_show", "message": "parse_show token kind", "data": {"token_type": "show", "is_disp": false, "line": 230}, "timestamp": 1781978736354}
{"sessionId": "3f30cb", "runId": "pre-fix", "hypothesisId": "H1", "location": "ayasparser.py:parse_show", "message": "parse_show token kind", "data": {"token_type": "show", "is_disp": false, "line": 232}, "timestamp": 1781978736355}
{"sessionId": "3f30cb", "runId": "pre-fix", "hypothesisId": "H1", "location": "ayasparser.py:parse_show", "message": "parse_show token kind", "data": {"token_type": "show", "is_disp": false, "line": 234}, "timestamp": 1781978736355}
{"sessionId": "3f30cb", "runId": "pre-fix", "hypothesisId": "H1", "location": "ayasparser.py:parse_show", "message": "parse_show token kind", "data": {"token_type": "show", "is_disp": false, "line": 236}, "timestamp": 1781978736356}
{"sessionId": "3f30cb", "runId": "pre-fix", "hypothesisId": "H1", "location": "ayasparser.py:parse_show", "message": "parse_show token kind", "data": {"token_type": "show", "is_disp": false, "line": 238}, "timestamp": 1781978736356}
{"sessionId": "3f30cb", "runId": "pre-fix", "hypothesisId": "H1", "location": "ayasparser.py:parse_show", "message": "parse_show token kind", "data": {"token_type": "show", "is_disp": false, "line": 240}, "timestamp": 1781978736356}
{"sessionId": "3f30cb", "runId": "pre-fix", "hypothesisId": "H1", "location": "ayasparser.py:parse_show", "message": "parse_show token kind", "data": {"token_type": "show", "is_disp": false, "line": 242}, "timestamp": 1781978736357}
{"sessionId": "3f30cb", "runId": "pre-fix", "hypothesisId": "H1", "location": "ayasparser.py:parse_show", "message": "parse_show token kind", "data": {"token_type": "show", "is_disp": false, "line": 244}, "timestamp": 1781978736357}
{"sessionId": "3f30cb", "runId": "pre-fix", "hypothesisId": "H1", "location": "ayasparser.py:parse_show", "message": "parse_show token kind", "data": {"token_type": "show", "is_disp": false, "line": 246}, "timestamp": 1781978736358}
{"sessionId": "3f30cb", "runId": "pre-fix", "hypothesisId": "H1", "location": "ayasparser.py:parse_show", "message": "parse_show token kind", "data": {"token_type": "show", "is_disp": false, "line": 248}, "timestamp": 1781978736358}
{"sessionId": "3f30cb", "runId": "pre-fix", "hypothesisId": "H1", "location": "ayasparser.py:parse_show", "message": "parse_show token kind", "data": {"token_type": "show", "is_disp": false, "line": 250}, "timestamp": 1781978736358}
{"sessionId": "3f30cb", "runId": "pre-fix", "hypothesisId": "H1", "location": "ayasparser.py:parse_show", "message": "parse_show token kind", "data": {"token_type": "show", "is_disp": false, "line": 252}, "timestamp": 1781978736359}
{"sessionId": "3f30cb", "runId": "pre-fix", "hypothesisId": "H1", "location": "ayasparser.py:parse_show", "message": "parse_show token kind", "data": {"token_type": "show", "is_disp": false, "line": 254}, "timestamp": 1781978736359}
{"sessionId": "3f30cb", "runId": "pre-fix", "hypothesisId": "H1", "location": "ayasparser.py:parse_show", "message": "parse_show token kind", "data": {"token_type": "show", "is_disp": false, "line": 256}, "timestamp": 1781978736360}
{"sessionId": "3f30cb", "runId": "pre-fix", "hypothesisId": "H1", "location": "ayasparser.py:parse_show", "message": "parse_show token kind", "data": {"token_type": "show", "is_disp": false, "line": 258}, "timestamp": 1781978736360}
{"sessionId": "3f30cb", "runId": "pre-fix", "hypothesisId": "H1", "location": "ayasparser.py:parse_show", "message": "parse_show token kind", "data": {"token_type": "show", "is_disp": false, "line": 260}, "timestamp": 1781978736361}
{"sessionId": "3f30cb", "runId": "pre-fix", "hypothesisId": "H1", "location": "ayasparser.py:parse_show", "message": "parse_show token kind", "data": {"token_type": "show", "is_disp": false, "line": 262}, "timestamp": 1781978736361}
{"sessionId": "3f30cb", "runId": "pre-fix", "hypothesisId": "H1", "location": "ayasparser.py:parse_show", "message": "parse_show token kind", "data": {"token_type": "show", "is_disp": false, "line": 264}, "timestamp": 1781978736361}
{"sessionId": "3f30cb", "runId": "pre-fix", "hypothesisId": "H1", "location": "ayasparser.py:parse_show", "message": "parse_show token kind", "data": {"token_type": "show", "is_disp": false, "line": 266}, "timestamp": 1781978736361}
{"sessionId": "3f30cb", "runId": "pre-fix", "hypothesisId": "H1", "location": "ayasparser.py:parse_show", "message": "parse_show token kind", "data": {"token_type": "show", "is_disp": false, "line": 268}, "timestamp": 1781978736361}
{"sessionId": "3f30cb", "runId": "pre-fix", "hypothesisId": "H1", "location": "ayasparser.py:parse_show", "message": "parse_show token kind", "data": {"token_type": "show", "is_disp": false, "line": 270}, "timestamp": 1781978736363}
{"sessionId": "3f30cb", "runId": "pre-fix", "hypothesisId": "H1", "location": "ayasparser.py:parse_show", "message": "parse_show token kind", "data": {"token_type": "show", "is_disp": false, "line": 272}, "timestamp": 1781978736363}
{"sessionId": "3f30cb", "runId": "pre-fix", "hypothesisId": "H1", "location": "ayasparser.py:parse_show", "message": "parse_show token kind", "data": {"token_type": "show", "is_disp": false, "line": 276}, "timestamp": 1781978736364}
{"sessionId": "3f30cb", "runId": "pre-fix", "hypothesisId": "H1", "location": "ayasparser.py:parse_show", "message": "parse_show token kind", "data": {"token_type": "show", "is_disp": false, "line": 279}, "timestamp": 1781978736364}
{"sessionId": "3f30cb", "runId": "pre-fix", "hypothesisId": "H1", "location": "ayasparser.py:parse_show", "message": "parse_show token kind", "data": {"token_type": "show", "is_disp": false, "line": 282}, "timestamp": 1781978736364}
{"sessionId": "3f30cb", "runId": "pre-fix", "hypothesisId": "H1", "location": "ayasparser.py:parse_show", "message": "parse_show token kind", "data": {"token_type": "show", "is_disp": false, "line": 285}, "timestamp": 1781978736365}
{"sessionId": "3f30cb", "runId": "pre-fix", "hypothesisId": "H1", "location": "ayasparser.py:parse_show", "message": "parse_show token kind", "data": {"token_type": "show", "is_disp": false, "line": 288}, "timestamp": 1781978736365}
{"sessionId": "3f30cb", "runId": "pre-fix", "hypothesisId": "H1", "location": "ayasparser.py:parse_show", "message": "parse_show token kind", "data": {"token_type": "show", "is_disp": false, "line": 291}, "timestamp": 1781978736365}
{"sessionId": "3f30cb", "runId": "pre-fix", "hypothesisId": "H1", "location": "ayasparser.py:parse_show", "message": "parse_show token kind", "data": {"token_type": "show", "is_disp": false, "line": 294}, "timestamp": 1781978736366}
{"sessionId": "3f30cb", "runId": "pre-fix", "hypothesisId": "H1", "location": "ayasparser.py:parse_show", "message": "parse_show token kind", "data": {"token_type": "show", "is_disp": false, "line": 297}, "timestamp": 1781978736366}
{"sessionId": "3f30cb", "runId": "pre-fix", "hypothesisId": "H1", "location": "ayasparser.py:parse_show", "message": "parse_show token kind", "data": {"token_type": "show", "is_disp": false, "line": 300}, "timestamp": 1781978736366}
{"sessionId": "3f30cb", "runId": "pre-fix", "hypothesisId": "H1", "location": "ayasparser.py:parse_show", "message": "parse_show token kind", "data": {"token_type": "show", "is_disp": false, "line": 303}, "timestamp": 1781978736366}
{"sessionId": "3f30cb", "runId": "pre-fix", "hypothesisId": "H1", "location": "ayasparser.py:parse_show", "message": "parse_show token kind", "data": {"token_type": "show", "is_disp": false, "line": 306}, "timestamp": 1781978736367}
{"sessionId": "3f30cb", "runId": "pre-fix", "hypothesisId": "H1", "location": "ayasparser.py:parse_show", "message": "parse_show token kind", "data": {"token_type": "show", "is_disp": false, "line": 309}, "timestamp": 1781978736367}
{"sessionId": "3f30cb", "runId": "pre-fix", "hypothesisId": "H1", "location": "ayasparser.py:parse_show", "message": "parse_show token kind", "data": {"token_type": "show", "is_disp": false, "line": 317}, "timestamp": 1781978736367}
{"sessionId": "3f30cb", "runId": "pre-fix", "hypothesisId": "H1", "location": "compile.py:compile_ayas", "message": "parsed show/disp counts (top-level only)", "data": {"source": "ayaslexer.ayas", "disp_nodes": 0, "show_nodes": 1}, "timestamp": 1781978736368}
{"sessionId": "3f30cb", "runId": "pre-fix", "hypothesisId": "H4", "location": "compile.py:_debug_lexer_compare", "message": "testinput.ayas loaded", "data": {"bytes": 239, "preview": "'let x be 5\\nlet y be 3.14\\nlet name be \"hello\"\\n\\nfun add(a: number, b: number) {\\n  '", "token_count": 93}, "timestamp": 1781978736982}
{"sessionId": "3f30cb", "runId": "pre-fix", "hypothesisId": "H5", "location": "compile.py:_debug_lexer_compare", "message": "ayaslexer.exe run failed", "data": {"error": "[WinError 123] The filename, directory name, or volume label syntax is incorrect", "winerror": 123}, "timestamp": 1781978736982}
{"sessionId": "3f30cb", "runId": "pre-fix", "hypothesisId": "H1", "location": "compile.py:_debug_lexer_compare", "message": "output format comparison", "data": {"expected_lines": ["let let 1", "IDENTIFIER x 1", "be be 1", "NUMBER 5 1", "NEWLINE \\n 1", "let let 2", "IDENTIFIER y 2", "be be 2", "FLOAT 3.14 2", "NEWLINE \\n 2", "let let 3", "IDENTIFIER name 3", "be be 3", "STRING hello 3", "NEWLINE \\n 3", "NEWLINE \\n 4", "fun fun 5", "IDENTIFIER add 5", "( ( 5", "IDENTIFIER a 5", ": : 5", "IDENTIFIER number 5", ", , 5", "IDENTIFIER b 5", ": : 5", "IDENTIFIER number 5", ") ) 5", "{ { 5", "NEWLINE \\n 5", "give give 6", "back back 6", "[ [ 6", "IDENTIFIER a 6", "+ + 6", "IDENTIFIER b 6", "] ] 6", "NEWLINE \\n 6", "} } 7", "NEWLINE \\n 7", "NEWLINE \\n 8", "let let 9", "IDENTIFIER result 9", "be be 9", "IDENTIFIER add 9", "( ( 9", "IDENTIFIER x 9", ", , 9", "NUMBER 10 9", ") ) 9", "NEWLINE \\n 9", "NEWLINE \\n 10", "when when 11", "[ [ 11", "IDENTIFIER result 11", "> > 11", "NUMBER 4 11", "] ] 11", "{ { 11", "NEWLINE \\n 11", "show show 12", "IDENTIFIER result 12", "NEWLINE \\n 12", "} } 13", "otherwise otherwise 13", "{ { 13", "NEWLINE \\n 13", "show show 14", "NUMBER 0 14", "NEWLINE \\n 14", "} } 15", "NEWLINE \\n 15", "NEWLINE \\n 16", "repeat repeat 17", "IDENTIFIER i 17", "in in 17", "[ [ 17", "NUMBER 0 17", "to to 17", "NUMBER 10 17", "] ] 17", "{ { 17", "NEWLINE \\n 17", "let let 18", "IDENTIFIER z 18", "be be 18", "[ [ 18", "IDENTIFIER i 18", "* * 18", "NUMBER 2 18", "] ] 18", "NEWLINE \\n 18", "} } 19", "EOF 19"], "actual_split_lines": [], "expected_joined": "let let 1\nIDENTIFIER x 1\nbe be 1\nNUMBER 5 1\nNEWLINE \\n 1\nlet let 2\nIDENTIFIER y 2\nbe be 2\nFLOAT 3.14 2\nNEWLINE \\n 2\nlet let 3\nIDENTIFIER name 3\nbe be 3\nSTRING hello 3\nNEWLINE \\n 3\nNEWLINE \\n 4\nfun fun 5\nIDENTIFIER add 5\n( ( 5\nIDENTIFIER a 5\n: : 5\nIDENTIFIER number 5\n, , 5\nIDENTIFIER b 5\n: : 5\nIDENTIFIER number 5\n) ) 5\n{ { 5\nNEWLINE \\n 5\ngive give 6\nback back 6\n[ [ 6\nIDENTIFIER a 6\n+ + 6\nIDENTIFIER b 6\n] ] 6\nNEWLINE \\n 6\n} } 7\nNEWLINE \\n 7\nNEWLINE \\n 8\nlet let 9\nIDENTIFIER result 9\nbe be 9\nIDENTIFIER add 9\n( ( 9\nIDENTIFIER x 9\n, , 9\nNUMBER 10 9\n) ) 9\nNEWLINE \\n 9\nNEWLINE \\n 10\nwhen when 11\n[ [ 11\nIDENTIFIER result 11\n> > 11\nNUMBER 4 11\n] ] 11\n{ { 11\nNEWLINE \\n 11\nshow show 12\nIDENTIFIER result 12\nNEWLINE \\n 12\n} } 13\notherwise otherwise 13\n{ { 13\nNEWLINE \\n 13\nshow show 14\nNUMBER 0 14\nNEWLINE \\n 14\n} } 15\nNEWLINE \\n 15\nNEWLINE \\n 16\nrepeat repeat 17\nIDENTIFIER i 17\nin in 17\n[ [ 17\nNUMBER 0 17\nto to 17\nNUMBER 10 17\n] ] 17\n{ { 17\nNEWLINE \\n 17\nlet let 18\nIDENTIFIER z 18\nbe be 18\n[ [ 18\nIDENTIFIER i 18\n* * 18\nNUMBER 2 18\n] ] 18\nNEWLINE \\n 18\n} } 19\nEOF 19", "actual_joined": "", "match_if_single_line": false, "run_ok": false}, "timestamp": 1781978736983}
{"sessionId": "3f30cb", "runId": "pre-fix", "hypothesisId": "H1", "location": "ayasparser.py:parse_show", "message": "parse_show token kind", "data": {"token_type": "show", "is_disp": false, "line": 123}, "timestamp": 1781978954008}
{"sessionId": "3f30cb", "runId": "pre-fix", "hypothesisId": "H1", "location": "ayasparser.py:parse_show", "message": "parse_show token kind", "data": {"token_type": "show", "is_disp": false, "line": 143}, "timestamp": 1781978954009}
{"sessionId": "3f30cb", "runId": "pre-fix", "hypothesisId": "H1", "location": "ayasparser.py:parse_show", "message": "parse_show token kind", "data": {"token_type": "show", "is_disp": false, "line": 149}, "timestamp": 1781978954010}
{"sessionId": "3f30cb", "runId": "pre-fix", "hypothesisId": "H1", "location": "ayasparser.py:parse_show", "message": "parse_show token kind", "data": {"token_type": "show", "is_disp": false, "line": 152}, "timestamp": 1781978954010}
{"sessionId": "3f30cb", "runId": "pre-fix", "hypothesisId": "H1", "location": "ayasparser.py:parse_show", "message": "parse_show token kind", "data": {"token_type": "show", "is_disp": false, "line": 158}, "timestamp": 1781978954011}
{"sessionId": "3f30cb", "runId": "pre-fix", "hypothesisId": "H1", "location": "ayasparser.py:parse_show", "message": "parse_show token kind", "data": {"token_type": "show", "is_disp": false, "line": 161}, "timestamp": 1781978954011}
{"sessionId": "3f30cb", "runId": "pre-fix", "hypothesisId": "H1", "location": "ayasparser.py:parse_show", "message": "parse_show token kind", "data": {"token_type": "show", "is_disp": false, "line": 182}, "timestamp": 1781978954012}
{"sessionId": "3f30cb", "runId": "pre-fix", "hypothesisId": "H1", "location": "ayasparser.py:parse_show", "message": "parse_show token kind", "data": {"token_type": "show", "is_disp": false, "line": 205}, "timestamp": 1781978954012}
{"sessionId": "3f30cb", "runId": "pre-fix", "hypothesisId": "H1", "location": "ayasparser.py:parse_show", "message": "parse_show token kind", "data": {"token_type": "show", "is_disp": false, "line": 207}, "timestamp": 1781978954013}
{"sessionId": "3f30cb", "runId": "pre-fix", "hypothesisId": "H1", "location": "ayasparser.py:parse_show", "message": "parse_show token kind", "data": {"token_type": "show", "is_disp": false, "line": 226}, "timestamp": 1781978954013}
{"sessionId": "3f30cb", "runId": "pre-fix", "hypothesisId": "H1", "location": "ayasparser.py:parse_show", "message": "parse_show token kind", "data": {"token_type": "show", "is_disp": false, "line": 228}, "timestamp": 1781978954013}
{"sessionId": "3f30cb", "runId": "pre-fix", "hypothesisId": "H1", "location": "ayasparser.py:parse_show", "message": "parse_show token kind", "data": {"token_type": "show", "is_disp": false, "line": 230}, "timestamp": 1781978954015}
{"sessionId": "3f30cb", "runId": "pre-fix", "hypothesisId": "H1", "location": "ayasparser.py:parse_show", "message": "parse_show token kind", "data": {"token_type": "show", "is_disp": false, "line": 232}, "timestamp": 1781978954015}
{"sessionId": "3f30cb", "runId": "pre-fix", "hypothesisId": "H1", "location": "ayasparser.py:parse_show", "message": "parse_show token kind", "data": {"token_type": "show", "is_disp": false, "line": 234}, "timestamp": 1781978954016}
{"sessionId": "3f30cb", "runId": "pre-fix", "hypothesisId": "H1", "location": "ayasparser.py:parse_show", "message": "parse_show token kind", "data": {"token_type": "show", "is_disp": false, "line": 236}, "timestamp": 1781978954016}
{"sessionId": "3f30cb", "runId": "pre-fix", "hypothesisId": "H1", "location": "ayasparser.py:parse_show", "message": "parse_show token kind", "data": {"token_type": "show", "is_disp": false, "line": 238}, "timestamp": 1781978954017}
{"sessionId": "3f30cb", "runId": "pre-fix", "hypothesisId": "H1", "location": "ayasparser.py:parse_show", "message": "parse_show token kind", "data": {"token_type": "show", "is_disp": false, "line": 240}, "timestamp": 1781978954018}
{"sessionId": "3f30cb", "runId": "pre-fix", "hypothesisId": "H1", "location": "ayasparser.py:parse_show", "message": "parse_show token kind", "data": {"token_type": "show", "is_disp": false, "line": 242}, "timestamp": 1781978954018}
{"sessionId": "3f30cb", "runId": "pre-fix", "hypothesisId": "H1", "location": "ayasparser.py:parse_show", "message": "parse_show token kind", "data": {"token_type": "show", "is_disp": false, "line": 244}, "timestamp": 1781978954018}
{"sessionId": "3f30cb", "runId": "pre-fix", "hypothesisId": "H1", "location": "ayasparser.py:parse_show", "message": "parse_show token kind", "data": {"token_type": "show", "is_disp": false, "line": 246}, "timestamp": 1781978954019}
{"sessionId": "3f30cb", "runId": "pre-fix", "hypothesisId": "H1", "location": "ayasparser.py:parse_show", "message": "parse_show token kind", "data": {"token_type": "show", "is_disp": false, "line": 248}, "timestamp": 1781978954019}
{"sessionId": "3f30cb", "runId": "pre-fix", "hypothesisId": "H1", "location": "ayasparser.py:parse_show", "message": "parse_show token kind", "data": {"token_type": "show", "is_disp": false, "line": 250}, "timestamp": 1781978954019}
{"sessionId": "3f30cb", "runId": "pre-fix", "hypothesisId": "H1", "location": "ayasparser.py:parse_show", "message": "parse_show token kind", "data": {"token_type": "show", "is_disp": false, "line": 252}, "timestamp": 1781978954019}
{"sessionId": "3f30cb", "runId": "pre-fix", "hypothesisId": "H1", "location": "ayasparser.py:parse_show", "message": "parse_show token kind", "data": {"token_type": "show", "is_disp": false, "line": 254}, "timestamp": 1781978954019}
{"sessionId": "3f30cb", "runId": "pre-fix", "hypothesisId": "H1", "location": "ayasparser.py:parse_show", "message": "parse_show token kind", "data": {"token_type": "show", "is_disp": false, "line": 256}, "timestamp": 1781978954020}
{"sessionId": "3f30cb", "runId": "pre-fix", "hypothesisId": "H1", "location": "ayasparser.py:parse_show", "message": "parse_show token kind", "data": {"token_type": "show", "is_disp": false, "line": 258}, "timestamp": 1781978954020}
{"sessionId": "3f30cb", "runId": "pre-fix", "hypothesisId": "H1", "location": "ayasparser.py:parse_show", "message": "parse_show token kind", "data": {"token_type": "show", "is_disp": false, "line": 260}, "timestamp": 1781978954020}
{"sessionId": "3f30cb", "runId": "pre-fix", "hypothesisId": "H1", "location": "ayasparser.py:parse_show", "message": "parse_show token kind", "data": {"token_type": "show", "is_disp": false, "line": 262}, "timestamp": 1781978954021}
{"sessionId": "3f30cb", "runId": "pre-fix", "hypothesisId": "H1", "location": "ayasparser.py:parse_show", "message": "parse_show token kind", "data": {"token_type": "show", "is_disp": false, "line": 264}, "timestamp": 1781978954021}
{"sessionId": "3f30cb", "runId": "pre-fix", "hypothesisId": "H1", "location": "ayasparser.py:parse_show", "message": "parse_show token kind", "data": {"token_type": "show", "is_disp": false, "line": 266}, "timestamp": 1781978954021}
{"sessionId": "3f30cb", "runId": "pre-fix", "hypothesisId": "H1", "location": "ayasparser.py:parse_show", "message": "parse_show token kind", "data": {"token_type": "show", "is_disp": false, "line": 268}, "timestamp": 1781978954022}
{"sessionId": "3f30cb", "runId": "pre-fix", "hypothesisId": "H1", "location": "ayasparser.py:parse_show", "message": "parse_show token kind", "data": {"token_type": "show", "is_disp": false, "line": 270}, "timestamp": 1781978954022}
{"sessionId": "3f30cb", "runId": "pre-fix", "hypothesisId": "H1", "location": "ayasparser.py:parse_show", "message": "parse_show token kind", "data": {"token_type": "show", "is_disp": false, "line": 272}, "timestamp": 1781978954022}
{"sessionId": "3f30cb", "runId": "pre-fix", "hypothesisId": "H1", "location": "ayasparser.py:parse_show", "message": "parse_show token kind", "data": {"token_type": "show", "is_disp": false, "line": 276}, "timestamp": 1781978954024}
{"sessionId": "3f30cb", "runId": "pre-fix", "hypothesisId": "H1", "location": "ayasparser.py:parse_show", "message": "parse_show token kind", "data": {"token_type": "show", "is_disp": false, "line": 279}, "timestamp": 1781978954024}
{"sessionId": "3f30cb", "runId": "pre-fix", "hypothesisId": "H1", "location": "ayasparser.py:parse_show", "message": "parse_show token kind", "data": {"token_type": "show", "is_disp": false, "line": 282}, "timestamp": 1781978954024}
{"sessionId": "3f30cb", "runId": "pre-fix", "hypothesisId": "H1", "location": "ayasparser.py:parse_show", "message": "parse_show token kind", "data": {"token_type": "show", "is_disp": false, "line": 285}, "timestamp": 1781978954025}
{"sessionId": "3f30cb", "runId": "pre-fix", "hypothesisId": "H1", "location": "ayasparser.py:parse_show", "message": "parse_show token kind", "data": {"token_type": "show", "is_disp": false, "line": 288}, "timestamp": 1781978954025}
{"sessionId": "3f30cb", "runId": "pre-fix", "hypothesisId": "H1", "location": "ayasparser.py:parse_show", "message": "parse_show token kind", "data": {"token_type": "show", "is_disp": false, "line": 291}, "timestamp": 1781978954026}
{"sessionId": "3f30cb", "runId": "pre-fix", "hypothesisId": "H1", "location": "ayasparser.py:parse_show", "message": "parse_show token kind", "data": {"token_type": "show", "is_disp": false, "line": 294}, "timestamp": 1781978954026}
{"sessionId": "3f30cb", "runId": "pre-fix", "hypothesisId": "H1", "location": "ayasparser.py:parse_show", "message": "parse_show token kind", "data": {"token_type": "show", "is_disp": false, "line": 297}, "timestamp": 1781978954026}
{"sessionId": "3f30cb", "runId": "pre-fix", "hypothesisId": "H1", "location": "ayasparser.py:parse_show", "message": "parse_show token kind", "data": {"token_type": "show", "is_disp": false, "line": 300}, "timestamp": 1781978954026}
{"sessionId": "3f30cb", "runId": "pre-fix", "hypothesisId": "H1", "location": "ayasparser.py:parse_show", "message": "parse_show token kind", "data": {"token_type": "show", "is_disp": false, "line": 303}, "timestamp": 1781978954027}
{"sessionId": "3f30cb", "runId": "pre-fix", "hypothesisId": "H1", "location": "ayasparser.py:parse_show", "message": "parse_show token kind", "data": {"token_type": "show", "is_disp": false, "line": 306}, "timestamp": 1781978954027}
{"sessionId": "3f30cb", "runId": "pre-fix", "hypothesisId": "H1", "location": "ayasparser.py:parse_show", "message": "parse_show token kind", "data": {"token_type": "show", "is_disp": false, "line": 309}, "timestamp": 1781978954027}
{"sessionId": "3f30cb", "runId": "pre-fix", "hypothesisId": "H1", "location": "ayasparser.py:parse_show", "message": "parse_show token kind", "data": {"token_type": "show", "is_disp": false, "line": 317}, "timestamp": 1781978954027}
{"sessionId": "3f30cb", "runId": "pre-fix", "hypothesisId": "H1", "location": "compile.py:compile_ayas", "message": "parsed show/disp counts (top-level only)", "data": {"source": "ayaslexer.ayas", "disp_nodes": 0, "show_nodes": 1}, "timestamp": 1781978954027}
{"sessionId": "3f30cb", "runId": "pre-fix", "hypothesisId": "H4", "location": "compile.py:_debug_lexer_compare", "message": "testinput.ayas loaded", "data": {"bytes": 249, "preview": "'let x be 5\\nlet y be 3.14\\nlet name be \"hello\"\\n\\nfun add(a: number, b: number) {\\n  '", "token_count": 98}, "timestamp": 1781978954778}
{"sessionId": "3f30cb", "runId": "pre-fix", "hypothesisId": "H5", "location": "compile.py:_debug_lexer_compare", "message": "ayaslexer.exe run failed", "data": {"error": "[WinError 123] The filename, directory name, or volume label syntax is incorrect", "winerror": 123}, "timestamp": 1781978954778}
{"sessionId": "3f30cb", "runId": "pre-fix", "hypothesisId": "H1", "location": "compile.py:_debug_lexer_compare", "message": "output format comparison", "data": {"expected_lines": ["let let 1", "IDENTIFIER x 1", "be be 1", "NUMBER 5 1", "NEWLINE \\n 1", "let let 2", "IDENTIFIER y 2", "be be 2", "FLOAT 3.14 2", "NEWLINE \\n 2", "let let 3", "IDENTIFIER name 3", "be be 3", "STRING hello 3", "NEWLINE \\n 3", "NEWLINE \\n 4", "fun fun 5", "IDENTIFIER add 5", "( ( 5", "IDENTIFIER a 5", ": : 5", "IDENTIFIER number 5", ", , 5", "IDENTIFIER b 5", ": : 5", "IDENTIFIER number 5", ") ) 5", "{ { 5", "NEWLINE \\n 5", "give give 6", "back back 6", "[ [ 6", "IDENTIFIER a 6", "+ + 6", "IDENTIFIER b 6", "] ] 6", "NEWLINE \\n 6", "} } 7", "NEWLINE \\n 7", "NEWLINE \\n 8", "let let 9", "IDENTIFIER result 9", "be be 9", "IDENTIFIER add 9", "( ( 9", "IDENTIFIER x 9", ", , 9", "NUMBER 10 9", ") ) 9", "NEWLINE \\n 9", "NEWLINE \\n 10", "when when 11", "[ [ 11", "IDENTIFIER result 11", "> > 11", "NUMBER 4 11", "] ] 11", "{ { 11", "NEWLINE \\n 11", "show show 12", "IDENTIFIER result 12", "NEWLINE \\n 12", "} } 13", "otherwise otherwise 13", "{ { 13", "NEWLINE \\n 13", "show show 14", "NUMBER 0 14", "NEWLINE \\n 14", "} } 15", "NEWLINE \\n 15", "NEWLINE \\n 16", "repeat repeat 17", "IDENTIFIER i 17", "in in 17", "[ [ 17", "NUMBER 0 17", "to to 17", "NUMBER 10 17", "] ] 17", "{ { 17", "NEWLINE \\n 17", "let let 18", "IDENTIFIER z 18", "be be 18", "[ [ 18", "IDENTIFIER i 18", "* * 18", "NUMBER 2 18", "] ] 18", "NEWLINE \\n 18", "NEWLINE \\n 19", "NEWLINE \\n 20", "NEWLINE \\n 21", "} } 22", "NEWLINE \\n 22", "NEWLINE \\n 23", "EOF 24"], "actual_split_lines": [], "expected_joined": "let let 1\nIDENTIFIER x 1\nbe be 1\nNUMBER 5 1\nNEWLINE \\n 1\nlet let 2\nIDENTIFIER y 2\nbe be 2\nFLOAT 3.14 2\nNEWLINE \\n 2\nlet let 3\nIDENTIFIER name 3\nbe be 3\nSTRING hello 3\nNEWLINE \\n 3\nNEWLINE \\n 4\nfun fun 5\nIDENTIFIER add 5\n( ( 5\nIDENTIFIER a 5\n: : 5\nIDENTIFIER number 5\n, , 5\nIDENTIFIER b 5\n: : 5\nIDENTIFIER number 5\n) ) 5\n{ { 5\nNEWLINE \\n 5\ngive give 6\nback back 6\n[ [ 6\nIDENTIFIER a 6\n+ + 6\nIDENTIFIER b 6\n] ] 6\nNEWLINE \\n 6\n} } 7\nNEWLINE \\n 7\nNEWLINE \\n 8\nlet let 9\nIDENTIFIER result 9\nbe be 9\nIDENTIFIER add 9\n( ( 9\nIDENTIFIER x 9\n, , 9\nNUMBER 10 9\n) ) 9\nNEWLINE \\n 9\nNEWLINE \\n 10\nwhen when 11\n[ [ 11\nIDENTIFIER result 11\n> > 11\nNUMBER 4 11\n] ] 11\n{ { 11\nNEWLINE \\n 11\nshow show 12\nIDENTIFIER result 12\nNEWLINE \\n 12\n} } 13\notherwise otherwise 13\n{ { 13\nNEWLINE \\n 13\nshow show 14\nNUMBER 0 14\nNEWLINE \\n 14\n} } 15\nNEWLINE \\n 15\nNEWLINE \\n 16\nrepeat repeat 17\nIDENTIFIER i 17\nin in 17\n[ [ 17\nNUMBER 0 17\nto to 17\nNUMBER 10 17\n] ] 17\n{ { 17\nNEWLINE \\n 17\nlet let 18\nIDENTIFIER z 18\nbe be 18\n[ [ 18\nIDENTIFIER i 18\n* * 18\nNUMBER 2 18\n] ] 18\nNEWLINE \\n 18\nNEWLINE \\n 19\nNEWLINE \\n 20\nNEWLINE \\n 21\n} } 22\nNEWLINE \\n 22\nNEWLINE \\n 23\nEOF 24", "actual_joined": "", "match_if_single_line": false, "run_ok": false}, "timestamp": 1781978954779}
{"sessionId": "3f30cb", "runId": "pre-fix", "hypothesisId": "H1", "location": "ayasparser.py:parse_show", "message": "parse_show token kind", "data": {"token_type": "show", "is_disp": false, "line": 123}, "timestamp": 1781979230843}
{"sessionId": "3f30cb", "runId": "pre-fix", "hypothesisId": "H1", "location": "ayasparser.py:parse_show", "message": "parse_show token kind", "data": {"token_type": "show", "is_disp": false, "line": 143}, "timestamp": 1781979230845}
{"sessionId": "3f30cb", "runId": "pre-fix", "hypothesisId": "H1", "location": "ayasparser.py:parse_show", "message": "parse_show token kind", "data": {"token_type": "show", "is_disp": false, "line": 149}, "timestamp": 1781979230845}
{"sessionId": "3f30cb", "runId": "pre-fix", "hypothesisId": "H1", "location": "ayasparser.py:parse_show", "message": "parse_show token kind", "data": {"token_type": "show", "is_disp": false, "line": 152}, "timestamp": 1781979230846}
{"sessionId": "3f30cb", "runId": "pre-fix", "hypothesisId": "H1", "location": "ayasparser.py:parse_show", "message": "parse_show token kind", "data": {"token_type": "show", "is_disp": false, "line": 158}, "timestamp": 1781979230846}
{"sessionId": "3f30cb", "runId": "pre-fix", "hypothesisId": "H1", "location": "ayasparser.py:parse_show", "message": "parse_show token kind", "data": {"token_type": "show", "is_disp": false, "line": 161}, "timestamp": 1781979230847}
{"sessionId": "3f30cb", "runId": "pre-fix", "hypothesisId": "H1", "location": "ayasparser.py:parse_show", "message": "parse_show token kind", "data": {"token_type": "show", "is_disp": false, "line": 182}, "timestamp": 1781979230847}
{"sessionId": "3f30cb", "runId": "pre-fix", "hypothesisId": "H1", "location": "ayasparser.py:parse_show", "message": "parse_show token kind", "data": {"token_type": "show", "is_disp": false, "line": 205}, "timestamp": 1781979230847}
{"sessionId": "3f30cb", "runId": "pre-fix", "hypothesisId": "H1", "location": "ayasparser.py:parse_show", "message": "parse_show token kind", "data": {"token_type": "show", "is_disp": false, "line": 207}, "timestamp": 1781979230848}
{"sessionId": "3f30cb", "runId": "pre-fix", "hypothesisId": "H1", "location": "ayasparser.py:parse_show", "message": "parse_show token kind", "data": {"token_type": "show", "is_disp": false, "line": 226}, "timestamp": 1781979230848}
{"sessionId": "3f30cb", "runId": "pre-fix", "hypothesisId": "H1", "location": "ayasparser.py:parse_show", "message": "parse_show token kind", "data": {"token_type": "show", "is_disp": false, "line": 228}, "timestamp": 1781979230849}
{"sessionId": "3f30cb", "runId": "pre-fix", "hypothesisId": "H1", "location": "ayasparser.py:parse_show", "message": "parse_show token kind", "data": {"token_type": "show", "is_disp": false, "line": 230}, "timestamp": 1781979230849}
{"sessionId": "3f30cb", "runId": "pre-fix", "hypothesisId": "H1", "location": "ayasparser.py:parse_show", "message": "parse_show token kind", "data": {"token_type": "show", "is_disp": false, "line": 232}, "timestamp": 1781979230849}
{"sessionId": "3f30cb", "runId": "pre-fix", "hypothesisId": "H1", "location": "ayasparser.py:parse_show", "message": "parse_show token kind", "data": {"token_type": "show", "is_disp": false, "line": 234}, "timestamp": 1781979230849}
{"sessionId": "3f30cb", "runId": "pre-fix", "hypothesisId": "H1", "location": "ayasparser.py:parse_show", "message": "parse_show token kind", "data": {"token_type": "show", "is_disp": false, "line": 236}, "timestamp": 1781979230849}
{"sessionId": "3f30cb", "runId": "pre-fix", "hypothesisId": "H1", "location": "ayasparser.py:parse_show", "message": "parse_show token kind", "data": {"token_type": "show", "is_disp": false, "line": 238}, "timestamp": 1781979230851}
{"sessionId": "3f30cb", "runId": "pre-fix", "hypothesisId": "H1", "location": "ayasparser.py:parse_show", "message": "parse_show token kind", "data": {"token_type": "show", "is_disp": false, "line": 240}, "timestamp": 1781979230851}
{"sessionId": "3f30cb", "runId": "pre-fix", "hypothesisId": "H1", "location": "ayasparser.py:parse_show", "message": "parse_show token kind", "data": {"token_type": "show", "is_disp": false, "line": 242}, "timestamp": 1781979230851}
{"sessionId": "3f30cb", "runId": "pre-fix", "hypothesisId": "H1", "location": "ayasparser.py:parse_show", "message": "parse_show token kind", "data": {"token_type": "show", "is_disp": false, "line": 244}, "timestamp": 1781979230852}
{"sessionId": "3f30cb", "runId": "pre-fix", "hypothesisId": "H1", "location": "ayasparser.py:parse_show", "message": "parse_show token kind", "data": {"token_type": "show", "is_disp": false, "line": 246}, "timestamp": 1781979230852}
{"sessionId": "3f30cb", "runId": "pre-fix", "hypothesisId": "H1", "location": "ayasparser.py:parse_show", "message": "parse_show token kind", "data": {"token_type": "show", "is_disp": false, "line": 248}, "timestamp": 1781979230852}
{"sessionId": "3f30cb", "runId": "pre-fix", "hypothesisId": "H1", "location": "ayasparser.py:parse_show", "message": "parse_show token kind", "data": {"token_type": "show", "is_disp": false, "line": 250}, "timestamp": 1781979230852}
{"sessionId": "3f30cb", "runId": "pre-fix", "hypothesisId": "H1", "location": "ayasparser.py:parse_show", "message": "parse_show token kind", "data": {"token_type": "show", "is_disp": false, "line": 252}, "timestamp": 1781979230854}
{"sessionId": "3f30cb", "runId": "pre-fix", "hypothesisId": "H1", "location": "ayasparser.py:parse_show", "message": "parse_show token kind", "data": {"token_type": "show", "is_disp": false, "line": 254}, "timestamp": 1781979230854}
{"sessionId": "3f30cb", "runId": "pre-fix", "hypothesisId": "H1", "location": "ayasparser.py:parse_show", "message": "parse_show token kind", "data": {"token_type": "show", "is_disp": false, "line": 256}, "timestamp": 1781979230854}
{"sessionId": "3f30cb", "runId": "pre-fix", "hypothesisId": "H1", "location": "ayasparser.py:parse_show", "message": "parse_show token kind", "data": {"token_type": "show", "is_disp": false, "line": 258}, "timestamp": 1781979230854}
{"sessionId": "3f30cb", "runId": "pre-fix", "hypothesisId": "H1", "location": "ayasparser.py:parse_show", "message": "parse_show token kind", "data": {"token_type": "show", "is_disp": false, "line": 260}, "timestamp": 1781979230855}
{"sessionId": "3f30cb", "runId": "pre-fix", "hypothesisId": "H1", "location": "ayasparser.py:parse_show", "message": "parse_show token kind", "data": {"token_type": "show", "is_disp": false, "line": 262}, "timestamp": 1781979230855}
{"sessionId": "3f30cb", "runId": "pre-fix", "hypothesisId": "H1", "location": "ayasparser.py:parse_show", "message": "parse_show token kind", "data": {"token_type": "show", "is_disp": false, "line": 264}, "timestamp": 1781979230855}
{"sessionId": "3f30cb", "runId": "pre-fix", "hypothesisId": "H1", "location": "ayasparser.py:parse_show", "message": "parse_show token kind", "data": {"token_type": "show", "is_disp": false, "line": 266}, "timestamp": 1781979230856}
{"sessionId": "3f30cb", "runId": "pre-fix", "hypothesisId": "H1", "location": "ayasparser.py:parse_show", "message": "parse_show token kind", "data": {"token_type": "show", "is_disp": false, "line": 268}, "timestamp": 1781979230856}
{"sessionId": "3f30cb", "runId": "pre-fix", "hypothesisId": "H1", "location": "ayasparser.py:parse_show", "message": "parse_show token kind", "data": {"token_type": "show", "is_disp": false, "line": 270}, "timestamp": 1781979230856}
{"sessionId": "3f30cb", "runId": "pre-fix", "hypothesisId": "H1", "location": "ayasparser.py:parse_show", "message": "parse_show token kind", "data": {"token_type": "show", "is_disp": false, "line": 272}, "timestamp": 1781979230856}
{"sessionId": "3f30cb", "runId": "pre-fix", "hypothesisId": "H1", "location": "ayasparser.py:parse_show", "message": "parse_show token kind", "data": {"token_type": "show", "is_disp": false, "line": 276}, "timestamp": 1781979230856}
{"sessionId": "3f30cb", "runId": "pre-fix", "hypothesisId": "H1", "location": "ayasparser.py:parse_show", "message": "parse_show token kind", "data": {"token_type": "show", "is_disp": false, "line": 279}, "timestamp": 1781979230858}
{"sessionId": "3f30cb", "runId": "pre-fix", "hypothesisId": "H1", "location": "ayasparser.py:parse_show", "message": "parse_show token kind", "data": {"token_type": "show", "is_disp": false, "line": 282}, "timestamp": 1781979230858}
{"sessionId": "3f30cb", "runId": "pre-fix", "hypothesisId": "H1", "location": "ayasparser.py:parse_show", "message": "parse_show token kind", "data": {"token_type": "show", "is_disp": false, "line": 285}, "timestamp": 1781979230858}
{"sessionId": "3f30cb", "runId": "pre-fix", "hypothesisId": "H1", "location": "ayasparser.py:parse_show", "message": "parse_show token kind", "data": {"token_type": "show", "is_disp": false, "line": 288}, "timestamp": 1781979230859}
{"sessionId": "3f30cb", "runId": "pre-fix", "hypothesisId": "H1", "location": "ayasparser.py:parse_show", "message": "parse_show token kind", "data": {"token_type": "show", "is_disp": false, "line": 291}, "timestamp": 1781979230859}
{"sessionId": "3f30cb", "runId": "pre-fix", "hypothesisId": "H1", "location": "ayasparser.py:parse_show", "message": "parse_show token kind", "data": {"token_type": "show", "is_disp": false, "line": 294}, "timestamp": 1781979230860}
{"sessionId": "3f30cb", "runId": "pre-fix", "hypothesisId": "H1", "location": "ayasparser.py:parse_show", "message": "parse_show token kind", "data": {"token_type": "show", "is_disp": false, "line": 297}, "timestamp": 1781979230860}
{"sessionId": "3f30cb", "runId": "pre-fix", "hypothesisId": "H1", "location": "ayasparser.py:parse_show", "message": "parse_show token kind", "data": {"token_type": "show", "is_disp": false, "line": 300}, "timestamp": 1781979230860}
{"sessionId": "3f30cb", "runId": "pre-fix", "hypothesisId": "H1", "location": "ayasparser.py:parse_show", "message": "parse_show token kind", "data": {"token_type": "show", "is_disp": false, "line": 303}, "timestamp": 1781979230861}
{"sessionId": "3f30cb", "runId": "pre-fix", "hypothesisId": "H1", "location": "ayasparser.py:parse_show", "message": "parse_show token kind", "data": {"token_type": "show", "is_disp": false, "line": 306}, "timestamp": 1781979230861}
{"sessionId": "3f30cb", "runId": "pre-fix", "hypothesisId": "H1", "location": "ayasparser.py:parse_show", "message": "parse_show token kind", "data": {"token_type": "show", "is_disp": false, "line": 309}, "timestamp": 1781979230861}
{"sessionId": "3f30cb", "runId": "pre-fix", "hypothesisId": "H1", "location": "ayasparser.py:parse_show", "message": "parse_show token kind", "data": {"token_type": "show", "is_disp": false, "line": 317}, "timestamp": 1781979230862}
{"sessionId": "3f30cb", "runId": "pre-fix", "hypothesisId": "H1", "location": "compile.py:compile_ayas", "message": "parsed show/disp counts (top-level only)", "data": {"source": "ayaslexer.ayas", "disp_nodes": 0, "show_nodes": 1}, "timestamp": 1781979230862}
{"sessionId": "3f30cb", "runId": "pre-fix", "hypothesisId": "H4", "location": "compile.py:_debug_lexer_compare", "message": "testinput.ayas loaded", "data": {"bytes": 249, "preview": "'let x be 5\\nlet y be 3.14\\nlet name be \"hello\"\\n\\nfun add(a: number, b: number) {\\n  '", "token_count": 98}, "timestamp": 1781979231600}
{"sessionId": "3f30cb", "runId": "pre-fix", "hypothesisId": "H5", "location": "compile.py:_debug_lexer_compare", "message": "ayaslexer.exe run failed", "data": {"error": "[WinError 123] The filename, directory name, or volume label syntax is incorrect", "winerror": 123}, "timestamp": 1781979231602}
{"sessionId": "3f30cb", "runId": "pre-fix", "hypothesisId": "H1", "location": "compile.py:_debug_lexer_compare", "message": "output format comparison", "data": {"expected_lines": ["let let 1", "IDENTIFIER x 1", "be be 1", "NUMBER 5 1", "NEWLINE \\n 1", "let let 2", "IDENTIFIER y 2", "be be 2", "FLOAT 3.14 2", "NEWLINE \\n 2", "let let 3", "IDENTIFIER name 3", "be be 3", "STRING hello 3", "NEWLINE \\n 3", "NEWLINE \\n 4", "fun fun 5", "IDENTIFIER add 5", "( ( 5", "IDENTIFIER a 5", ": : 5", "IDENTIFIER number 5", ", , 5", "IDENTIFIER b 5", ": : 5", "IDENTIFIER number 5", ") ) 5", "{ { 5", "NEWLINE \\n 5", "give give 6", "back back 6", "[ [ 6", "IDENTIFIER a 6", "+ + 6", "IDENTIFIER b 6", "] ] 6", "NEWLINE \\n 6", "} } 7", "NEWLINE \\n 7", "NEWLINE \\n 8", "let let 9", "IDENTIFIER result 9", "be be 9", "IDENTIFIER add 9", "( ( 9", "IDENTIFIER x 9", ", , 9", "NUMBER 10 9", ") ) 9", "NEWLINE \\n 9", "NEWLINE \\n 10", "when when 11", "[ [ 11", "IDENTIFIER result 11", "> > 11", "NUMBER 4 11", "] ] 11", "{ { 11", "NEWLINE \\n 11", "show show 12", "IDENTIFIER result 12", "NEWLINE \\n 12", "} } 13", "otherwise otherwise 13", "{ { 13", "NEWLINE \\n 13", "show show 14", "NUMBER 0 14", "NEWLINE \\n 14", "} } 15", "NEWLINE \\n 15", "NEWLINE \\n 16", "repeat repeat 17", "IDENTIFIER i 17", "in in 17", "[ [ 17", "NUMBER 0 17", "to to 17", "NUMBER 10 17", "] ] 17", "{ { 17", "NEWLINE \\n 17", "let let 18", "IDENTIFIER z 18", "be be 18", "[ [ 18", "IDENTIFIER i 18", "* * 18", "NUMBER 2 18", "] ] 18", "NEWLINE \\n 18", "NEWLINE \\n 19", "NEWLINE \\n 20", "NEWLINE \\n 21", "} } 22", "NEWLINE \\n 22", "NEWLINE \\n 23", "EOF 24"], "actual_split_lines": [], "expected_joined": "let let 1\nIDENTIFIER x 1\nbe be 1\nNUMBER 5 1\nNEWLINE \\n 1\nlet let 2\nIDENTIFIER y 2\nbe be 2\nFLOAT 3.14 2\nNEWLINE \\n 2\nlet let 3\nIDENTIFIER name 3\nbe be 3\nSTRING hello 3\nNEWLINE \\n 3\nNEWLINE \\n 4\nfun fun 5\nIDENTIFIER add 5\n( ( 5\nIDENTIFIER a 5\n: : 5\nIDENTIFIER number 5\n, , 5\nIDENTIFIER b 5\n: : 5\nIDENTIFIER number 5\n) ) 5\n{ { 5\nNEWLINE \\n 5\ngive give 6\nback back 6\n[ [ 6\nIDENTIFIER a 6\n+ + 6\nIDENTIFIER b 6\n] ] 6\nNEWLINE \\n 6\n} } 7\nNEWLINE \\n 7\nNEWLINE \\n 8\nlet let 9\nIDENTIFIER result 9\nbe be 9\nIDENTIFIER add 9\n( ( 9\nIDENTIFIER x 9\n, , 9\nNUMBER 10 9\n) ) 9\nNEWLINE \\n 9\nNEWLINE \\n 10\nwhen when 11\n[ [ 11\nIDENTIFIER result 11\n> > 11\nNUMBER 4 11\n] ] 11\n{ { 11\nNEWLINE \\n 11\nshow show 12\nIDENTIFIER result 12\nNEWLINE \\n 12\n} } 13\notherwise otherwise 13\n{ { 13\nNEWLINE \\n 13\nshow show 14\nNUMBER 0 14\nNEWLINE \\n 14\n} } 15\nNEWLINE \\n 15\nNEWLINE \\n 16\nrepeat repeat 17\nIDENTIFIER i 17\nin in 17\n[ [ 17\nNUMBER 0 17\nto to 17\nNUMBER 10 17\n] ] 17\n{ { 17\nNEWLINE \\n 17\nlet let 18\nIDENTIFIER z 18\nbe be 18\n[ [ 18\nIDENTIFIER i 18\n* * 18\nNUMBER 2 18\n] ] 18\nNEWLINE \\n 18\nNEWLINE \\n 19\nNEWLINE \\n 20\nNEWLINE \\n 21\n} } 22\nNEWLINE \\n 22\nNEWLINE \\n 23\nEOF 24", "actual_joined": "", "match_if_single_line": false, "run_ok": false}, "timestamp": 1781979231602}
